{"/Users/asands/Projects/DigiTimes/src/App.tsx": {"path":"/Users/asands/Projects/DigiTimes/src/App.tsx","statementMap":{"0":{"start":{"line":10,"column":32},"end":{"line":10,"column":59}},"1":{"start":{"line":11,"column":32},"end":{"line":11,"column":47}},"2":{"start":{"line":12,"column":42},"end":{"line":12,"column":76}},"3":{"start":{"line":14,"column":25},"end":{"line":25,"column":8}},"4":{"start":{"line":15,"column":4},"end":{"line":15,"column":21}},"5":{"start":{"line":16,"column":4},"end":{"line":24,"column":5}},"6":{"start":{"line":17,"column":20},"end":{"line":17,"column":39}},"7":{"start":{"line":18,"column":6},"end":{"line":18,"column":24}},"8":{"start":{"line":20,"column":6},"end":{"line":20,"column":53}},"9":{"start":{"line":21,"column":6},"end":{"line":21,"column":45}},"10":{"start":{"line":23,"column":6},"end":{"line":23,"column":24}},"11":{"start":{"line":27,"column":2},"end":{"line":29,"column":23}},"12":{"start":{"line":28,"column":4},"end":{"line":28,"column":26}},"13":{"start":{"line":31,"column":2},"end":{"line":57,"column":4}},"14":{"start":{"line":37,"column":12},"end":{"line":37,"column":35}},"15":{"start":{"line":43,"column":32},"end":{"line":43,"column":54}},"16":{"start":{"line":51,"column":10},"end":{"line":53,"column":11}},"17":{"start":{"line":52,"column":12},"end":{"line":52,"column":34}}},"fnMap":{"0":{"name":"App","decl":{"start":{"line":9,"column":24},"end":{"line":9,"column":27}},"loc":{"start":{"line":9,"column":30},"end":{"line":58,"column":1}},"line":9},"1":{"name":"(anonymous_1)","decl":{"start":{"line":14,"column":37},"end":{"line":14,"column":38}},"loc":{"start":{"line":14,"column":49},"end":{"line":25,"column":3}},"line":14},"2":{"name":"(anonymous_2)","decl":{"start":{"line":27,"column":12},"end":{"line":27,"column":13}},"loc":{"start":{"line":27,"column":18},"end":{"line":29,"column":3}},"line":27},"3":{"name":"(anonymous_3)","decl":{"start":{"line":36,"column":26},"end":{"line":36,"column":27}},"loc":{"start":{"line":36,"column":38},"end":{"line":38,"column":11}},"line":36},"4":{"name":"(anonymous_4)","decl":{"start":{"line":43,"column":21},"end":{"line":43,"column":22}},"loc":{"start":{"line":43,"column":32},"end":{"line":43,"column":54}},"line":43},"5":{"name":"(anonymous_5)","decl":{"start":{"line":50,"column":22},"end":{"line":50,"column":23}},"loc":{"start":{"line":50,"column":32},"end":{"line":54,"column":9}},"line":50}},"branchMap":{"0":{"loc":{"start":{"line":51,"column":10},"end":{"line":53,"column":11}},"type":"if","locations":[{"start":{"line":51,"column":10},"end":{"line":53,"column":11}},{"start":{},"end":{}}],"line":51}},"s":{"0":0,"1":0,"2":0,"3":0,"4":0,"5":0,"6":0,"7":0,"8":0,"9":0,"10":0,"11":0,"12":0,"13":0,"14":0,"15":0,"16":0,"17":0},"f":{"0":0,"1":0,"2":0,"3":0,"4":0,"5":0},"b":{"0":[0,0]}}
,"/Users/asands/Projects/DigiTimes/src/index.tsx": {"path":"/Users/asands/Projects/DigiTimes/src/index.tsx","statementMap":{"0":{"start":{"line":8,"column":20},"end":{"line":8,"column":51}},"1":{"start":{"line":10,"column":0},"end":{"line":12,"column":1}},"2":{"start":{"line":11,"column":2},"end":{"line":11,"column":44}},"3":{"start":{"line":14,"column":13},"end":{"line":14,"column":45}},"4":{"start":{"line":16,"column":0},"end":{"line":61,"column":2}}},"fnMap":{},"branchMap":{"0":{"loc":{"start":{"line":10,"column":0},"end":{"line":12,"column":1}},"type":"if","locations":[{"start":{"line":10,"column":0},"end":{"line":12,"column":1}},{"start":{},"end":{}}],"line":10}},"s":{"0":0,"1":0,"2":0,"3":0,"4":0},"f":{},"b":{"0":[0,0]}}
,"/Users/asands/Projects/DigiTimes/src/components/CreateGroupDialog.tsx": {"path":"/Users/asands/Projects/DigiTimes/src/components/CreateGroupDialog.tsx","statementMap":{"0":{"start":{"line":48,"column":19},"end":{"line":54,"column":10}},"1":{"start":{"line":57,"column":2},"end":{"line":67,"column":3}},"2":{"start":{"line":58,"column":22},"end":{"line":60,"column":17}},"3":{"start":{"line":62,"column":4},"end":{"line":66,"column":5}},"4":{"start":{"line":63,"column":6},"end":{"line":65,"column":38}},"5":{"start":{"line":69,"column":23},"end":{"line":71,"column":15}},"6":{"start":{"line":73,"column":2},"end":{"line":75,"column":3}},"7":{"start":{"line":74,"column":4},"end":{"line":74,"column":24}},"8":{"start":{"line":77,"column":2},"end":{"line":77,"column":19}},"9":{"start":{"line":81,"column":2},"end":{"line":83,"column":3}},"10":{"start":{"line":82,"column":4},"end":{"line":82,"column":78}},"11":{"start":{"line":85,"column":18},"end":{"line":85,"column":80}},"12":{"start":{"line":87,"column":2},"end":{"line":89,"column":3}},"13":{"start":{"line":88,"column":4},"end":{"line":88,"column":28}},"14":{"start":{"line":91,"column":2},"end":{"line":91,"column":92}},"15":{"start":{"line":92,"column":2},"end":{"line":92,"column":41}},"16":{"start":{"line":100,"column":36},"end":{"line":100,"column":48}},"17":{"start":{"line":101,"column":50},"end":{"line":101,"column":62}},"18":{"start":{"line":102,"column":38},"end":{"line":102,"column":53}},"19":{"start":{"line":103,"column":42},"end":{"line":103,"column":71}},"20":{"start":{"line":105,"column":2},"end":{"line":118,"column":22}},"21":{"start":{"line":106,"column":4},"end":{"line":108,"column":5}},"22":{"start":{"line":107,"column":6},"end":{"line":107,"column":13}},"23":{"start":{"line":110,"column":20},"end":{"line":110,"column":82}},"24":{"start":{"line":112,"column":4},"end":{"line":117,"column":5}},"25":{"start":{"line":113,"column":6},"end":{"line":116,"column":8}},"26":{"start":{"line":120,"column":22},"end":{"line":126,"column":3}},"27":{"start":{"line":121,"column":4},"end":{"line":121,"column":24}},"28":{"start":{"line":122,"column":4},"end":{"line":122,"column":21}},"29":{"start":{"line":123,"column":4},"end":{"line":123,"column":28}},"30":{"start":{"line":124,"column":4},"end":{"line":124,"column":25}},"31":{"start":{"line":125,"column":4},"end":{"line":125,"column":26}},"32":{"start":{"line":128,"column":25},"end":{"line":147,"column":3}},"33":{"start":{"line":129,"column":18},"end":{"line":131,"column":55}},"34":{"start":{"line":133,"column":4},"end":{"line":144,"column":5}},"35":{"start":{"line":134,"column":6},"end":{"line":134,"column":93}},"36":{"start":{"line":136,"column":6},"end":{"line":143,"column":7}},"37":{"start":{"line":137,"column":8},"end":{"line":140,"column":10}},"38":{"start":{"line":146,"column":4},"end":{"line":146,"column":17}},"39":{"start":{"line":149,"column":23},"end":{"line":175,"column":3}},"40":{"start":{"line":150,"column":4},"end":{"line":150,"column":27}},"41":{"start":{"line":152,"column":17},"end":{"line":152,"column":33}},"42":{"start":{"line":153,"column":24},"end":{"line":153,"column":47}},"43":{"start":{"line":155,"column":4},"end":{"line":157,"column":5}},"44":{"start":{"line":156,"column":6},"end":{"line":156,"column":13}},"45":{"start":{"line":159,"column":4},"end":{"line":159,"column":26}},"46":{"start":{"line":160,"column":4},"end":{"line":160,"column":24}},"47":{"start":{"line":162,"column":4},"end":{"line":174,"column":5}},"48":{"start":{"line":163,"column":6},"end":{"line":163,"column":50}},"49":{"start":{"line":164,"column":6},"end":{"line":164,"column":51}},"50":{"start":{"line":165,"column":6},"end":{"line":165,"column":20}},"51":{"start":{"line":167,"column":6},"end":{"line":167,"column":68}},"52":{"start":{"line":168,"column":6},"end":{"line":172,"column":8}},"53":{"start":{"line":173,"column":6},"end":{"line":173,"column":27}},"54":{"start":{"line":177,"column":2},"end":{"line":240,"column":4}},"55":{"start":{"line":201,"column":35},"end":{"line":201,"column":67}},"56":{"start":{"line":216,"column":35},"end":{"line":216,"column":74}}},"fnMap":{"0":{"name":"findShellHandler","decl":{"start":{"line":56,"column":9},"end":{"line":56,"column":25}},"loc":{"start":{"line":56,"column":59},"end":{"line":78,"column":1}},"line":56},"1":{"name":"createGroupThroughHostOrFallback","decl":{"start":{"line":80,"column":15},"end":{"line":80,"column":47}},"loc":{"start":{"line":80,"column":77},"end":{"line":93,"column":1}},"line":80},"2":{"name":"CreateGroupDialog","decl":{"start":{"line":95,"column":16},"end":{"line":95,"column":33}},"loc":{"start":{"line":99,"column":27},"end":{"line":241,"column":1}},"line":99},"3":{"name":"(anonymous_3)","decl":{"start":{"line":105,"column":12},"end":{"line":105,"column":13}},"loc":{"start":{"line":105,"column":18},"end":{"line":118,"column":3}},"line":105},"4":{"name":"(anonymous_4)","decl":{"start":{"line":120,"column":22},"end":{"line":120,"column":23}},"loc":{"start":{"line":120,"column":28},"end":{"line":126,"column":3}},"line":120},"5":{"name":"(anonymous_5)","decl":{"start":{"line":128,"column":25},"end":{"line":128,"column":26}},"loc":{"start":{"line":128,"column":64},"end":{"line":147,"column":3}},"line":128},"6":{"name":"(anonymous_6)","decl":{"start":{"line":149,"column":23},"end":{"line":149,"column":24}},"loc":{"start":{"line":149,"column":68},"end":{"line":175,"column":3}},"line":149},"7":{"name":"(anonymous_7)","decl":{"start":{"line":201,"column":24},"end":{"line":201,"column":25}},"loc":{"start":{"line":201,"column":35},"end":{"line":201,"column":67}},"line":201},"8":{"name":"(anonymous_8)","decl":{"start":{"line":216,"column":24},"end":{"line":216,"column":25}},"loc":{"start":{"line":216,"column":35},"end":{"line":216,"column":74}},"line":216}},"branchMap":{"0":{"loc":{"start":{"line":62,"column":4},"end":{"line":66,"column":5}},"type":"if","locations":[{"start":{"line":62,"column":4},"end":{"line":66,"column":5}},{"start":{},"end":{}}],"line":62},"1":{"loc":{"start":{"line":62,"column":8},"end":{"line":62,"column":64}},"type":"binary-expr","locations":[{"start":{"line":62,"column":8},"end":{"line":62,"column":17}},{"start":{"line":62,"column":21},"end":{"line":62,"column":64}}],"line":62},"2":{"loc":{"start":{"line":73,"column":2},"end":{"line":75,"column":3}},"type":"if","locations":[{"start":{"line":73,"column":2},"end":{"line":75,"column":3}},{"start":{},"end":{}}],"line":73},"3":{"loc":{"start":{"line":81,"column":2},"end":{"line":83,"column":3}},"type":"if","locations":[{"start":{"line":81,"column":2},"end":{"line":83,"column":3}},{"start":{},"end":{}}],"line":81},"4":{"loc":{"start":{"line":87,"column":2},"end":{"line":89,"column":3}},"type":"if","locations":[{"start":{"line":87,"column":2},"end":{"line":89,"column":3}},{"start":{},"end":{}}],"line":87},"5":{"loc":{"start":{"line":106,"column":4},"end":{"line":108,"column":5}},"type":"if","locations":[{"start":{"line":106,"column":4},"end":{"line":108,"column":5}},{"start":{},"end":{}}],"line":106},"6":{"loc":{"start":{"line":106,"column":8},"end":{"line":106,"column":54}},"type":"binary-expr","locations":[{"start":{"line":106,"column":8},"end":{"line":106,"column":21}},{"start":{"line":106,"column":25},"end":{"line":106,"column":54}}],"line":106},"7":{"loc":{"start":{"line":112,"column":4},"end":{"line":117,"column":5}},"type":"if","locations":[{"start":{"line":112,"column":4},"end":{"line":117,"column":5}},{"start":{},"end":{}}],"line":112},"8":{"loc":{"start":{"line":112,"column":8},"end":{"line":112,"column":57}},"type":"binary-expr","locations":[{"start":{"line":112,"column":8},"end":{"line":112,"column":16}},{"start":{"line":112,"column":20},"end":{"line":112,"column":57}}],"line":112},"9":{"loc":{"start":{"line":129,"column":18},"end":{"line":131,"column":55}},"type":"cond-expr","locations":[{"start":{"line":130,"column":8},"end":{"line":130,"column":36}},{"start":{"line":131,"column":8},"end":{"line":131,"column":55}}],"line":129},"10":{"loc":{"start":{"line":133,"column":4},"end":{"line":144,"column":5}},"type":"if","locations":[{"start":{"line":133,"column":4},"end":{"line":144,"column":5}},{"start":{},"end":{}}],"line":133},"11":{"loc":{"start":{"line":155,"column":4},"end":{"line":157,"column":5}},"type":"if","locations":[{"start":{"line":155,"column":4},"end":{"line":157,"column":5}},{"start":{},"end":{}}],"line":155},"12":{"loc":{"start":{"line":169,"column":8},"end":{"line":171,"column":60}},"type":"cond-expr","locations":[{"start":{"line":170,"column":12},"end":{"line":170,"column":25}},{"start":{"line":171,"column":12},"end":{"line":171,"column":60}}],"line":169},"13":{"loc":{"start":{"line":189,"column":11},"end":{"line":193,"column":18}},"type":"cond-expr","locations":[{"start":{"line":190,"column":12},"end":{"line":192,"column":16}},{"start":{"line":193,"column":14},"end":{"line":193,"column":18}}],"line":189},"14":{"loc":{"start":{"line":233,"column":44},"end":{"line":233,"column":75}},"type":"binary-expr","locations":[{"start":{"line":233,"column":44},"end":{"line":233,"column":61}},{"start":{"line":233,"column":65},"end":{"line":233,"column":75}}],"line":233},"15":{"loc":{"start":{"line":234,"column":15},"end":{"line":234,"column":52}},"type":"cond-expr","locations":[{"start":{"line":234,"column":28},"end":{"line":234,"column":39}},{"start":{"line":234,"column":42},"end":{"line":234,"column":52}}],"line":234}},"s":{"0":0,"1":0,"2":0,"3":0,"4":0,"5":0,"6":0,"7":0,"8":0,"9":0,"10":0,"11":0,"12":0,"13":0,"14":0,"15":0,"16":0,"17":0,"18":0,"19":0,"20":0,"21":0,"22":0,"23":0,"24":0,"25":0,"26":0,"27":0,"28":0,"29":0,"30":0,"31":0,"32":0,"33":0,"34":0,"35":0,"36":0,"37":0,"38":0,"39":0,"40":0,"41":0,"42":0,"43":0,"44":0,"45":0,"46":0,"47":0,"48":0,"49":0,"50":0,"51":0,"52":0,"53":0,"54":0,"55":0,"56":0},"f":{"0":0,"1":0,"2":0,"3":0,"4":0,"5":0,"6":0,"7":0,"8":0},"b":{"0":[0,0],"1":[0,0],"2":[0,0],"3":[0,0],"4":[0,0],"5":[0,0],"6":[0,0],"7":[0,0],"8":[0,0],"9":[0,0],"10":[0,0],"11":[0,0],"12":[0,0],"13":[0,0],"14":[0,0],"15":[0,0]}}
,"/Users/asands/Projects/DigiTimes/src/components/EventBuilder.tsx": {"path":"/Users/asands/Projects/DigiTimes/src/components/EventBuilder.tsx","statementMap":{"0":{"start":{"line":29,"column":22},"end":{"line":29,"column":38}},"1":{"start":{"line":46,"column":17},"end":{"line":47,"column":78}},"2":{"start":{"line":47,"column":2},"end":{"line":47,"column":78}},"3":{"start":{"line":49,"column":39},"end":{"line":49,"column":70}},"4":{"start":{"line":51,"column":17},"end":{"line":57,"column":1}},"5":{"start":{"line":52,"column":2},"end":{"line":55,"column":3}},"6":{"start":{"line":53,"column":4},"end":{"line":53,"column":9}},"7":{"start":{"line":54,"column":4},"end":{"line":54,"column":13}},"8":{"start":{"line":56,"column":2},"end":{"line":56,"column":38}},"9":{"start":{"line":59,"column":26},"end":{"line":65,"column":4}},"10":{"start":{"line":60,"column":2},"end":{"line":65,"column":4}},"11":{"start":{"line":61,"column":19},"end":{"line":61,"column":35}},"12":{"start":{"line":62,"column":4},"end":{"line":62,"column":57}},"13":{"start":{"line":62,"column":26},"end":{"line":62,"column":56}},"14":{"start":{"line":63,"column":4},"end":{"line":63,"column":48}},"15":{"start":{"line":63,"column":27},"end":{"line":63,"column":47}},"16":{"start":{"line":64,"column":4},"end":{"line":64,"column":31}},"17":{"start":{"line":67,"column":24},"end":{"line":73,"column":1}},"18":{"start":{"line":68,"column":18},"end":{"line":68,"column":30}},"19":{"start":{"line":69,"column":2},"end":{"line":71,"column":3}},"20":{"start":{"line":70,"column":4},"end":{"line":70,"column":14}},"21":{"start":{"line":72,"column":2},"end":{"line":72,"column":41}},"22":{"start":{"line":75,"column":22},"end":{"line":106,"column":1}},"23":{"start":{"line":76,"column":20},"end":{"line":94,"column":13}},"24":{"start":{"line":96,"column":15},"end":{"line":96,"column":73}},"25":{"start":{"line":97,"column":16},"end":{"line":97,"column":92}},"26":{"start":{"line":99,"column":4},"end":{"line":103,"column":10}},"27":{"start":{"line":101,"column":24},"end":{"line":101,"column":53}},"28":{"start":{"line":105,"column":2},"end":{"line":105,"column":65}},"29":{"start":{"line":109,"column":23},"end":{"line":109,"column":60}},"30":{"start":{"line":110,"column":38},"end":{"line":110,"column":53}},"31":{"start":{"line":111,"column":42},"end":{"line":111,"column":54}},"32":{"start":{"line":112,"column":32},"end":{"line":112,"column":58}},"33":{"start":{"line":113,"column":23},"end":{"line":113,"column":43}},"34":{"start":{"line":114,"column":50},"end":{"line":114,"column":86}},"35":{"start":{"line":116,"column":22},"end":{"line":171,"column":3}},"36":{"start":{"line":118,"column":6},"end":{"line":120,"column":7}},"37":{"start":{"line":119,"column":8},"end":{"line":119,"column":15}},"38":{"start":{"line":122,"column":20},"end":{"line":122,"column":36}},"39":{"start":{"line":123,"column":6},"end":{"line":125,"column":7}},"40":{"start":{"line":124,"column":8},"end":{"line":124,"column":15}},"41":{"start":{"line":127,"column":24},"end":{"line":158,"column":7}},"42":{"start":{"line":129,"column":10},"end":{"line":132,"column":11}},"43":{"start":{"line":130,"column":12},"end":{"line":130,"column":58}},"44":{"start":{"line":131,"column":12},"end":{"line":131,"column":24}},"45":{"start":{"line":134,"column":10},"end":{"line":137,"column":11}},"46":{"start":{"line":135,"column":12},"end":{"line":135,"column":60}},"47":{"start":{"line":136,"column":12},"end":{"line":136,"column":24}},"48":{"start":{"line":139,"column":10},"end":{"line":156,"column":11}},"49":{"start":{"line":140,"column":33},"end":{"line":140,"column":62}},"50":{"start":{"line":141,"column":31},"end":{"line":141,"column":56}},"51":{"start":{"line":142,"column":38},"end":{"line":150,"column":13}},"52":{"start":{"line":151,"column":12},"end":{"line":151,"column":25}},"53":{"start":{"line":153,"column":12},"end":{"line":153,"column":59}},"54":{"start":{"line":154,"column":12},"end":{"line":154,"column":55}},"55":{"start":{"line":155,"column":12},"end":{"line":155,"column":24}},"56":{"start":{"line":160,"column":27},"end":{"line":162,"column":7}},"57":{"start":{"line":161,"column":48},"end":{"line":161,"column":66}},"58":{"start":{"line":164,"column":6},"end":{"line":166,"column":7}},"59":{"start":{"line":165,"column":8},"end":{"line":165,"column":15}},"60":{"start":{"line":168,"column":6},"end":{"line":168,"column":55}},"61":{"start":{"line":168,"column":27},"end":{"line":168,"column":53}},"62":{"start":{"line":173,"column":2},"end":{"line":175,"column":16}},"63":{"start":{"line":174,"column":4},"end":{"line":174,"column":68}},"64":{"start":{"line":174,"column":50},"end":{"line":174,"column":66}},"65":{"start":{"line":177,"column":2},"end":{"line":182,"column":4}},"66":{"start":{"line":178,"column":10},"end":{"line":180,"column":5}},"67":{"start":{"line":179,"column":6},"end":{"line":179,"column":70}},"68":{"start":{"line":179,"column":44},"end":{"line":179,"column":68}},"69":{"start":{"line":184,"column":28},"end":{"line":187,"column":3}},"70":{"start":{"line":185,"column":4},"end":{"line":185,"column":41}},"71":{"start":{"line":186,"column":4},"end":{"line":186,"column":28}},"72":{"start":{"line":189,"column":17},"end":{"line":193,"column":3}},"73":{"start":{"line":190,"column":4},"end":{"line":190,"column":27}},"74":{"start":{"line":191,"column":4},"end":{"line":191,"column":25}},"75":{"start":{"line":192,"column":4},"end":{"line":192,"column":47}},"76":{"start":{"line":195,"column":21},"end":{"line":200,"column":3}},"77":{"start":{"line":196,"column":4},"end":{"line":196,"column":27}},"78":{"start":{"line":197,"column":4},"end":{"line":199,"column":5}},"79":{"start":{"line":198,"column":6},"end":{"line":198,"column":26}},"80":{"start":{"line":202,"column":22},"end":{"line":205,"column":3}},"81":{"start":{"line":203,"column":4},"end":{"line":203,"column":27}},"82":{"start":{"line":204,"column":4},"end":{"line":204,"column":25}},"83":{"start":{"line":207,"column":22},"end":{"line":215,"column":8}},"84":{"start":{"line":208,"column":4},"end":{"line":214,"column":7}},"85":{"start":{"line":209,"column":21},"end":{"line":209,"column":58}},"86":{"start":{"line":209,"column":42},"end":{"line":209,"column":57}},"87":{"start":{"line":210,"column":6},"end":{"line":212,"column":7}},"88":{"start":{"line":211,"column":8},"end":{"line":211,"column":47}},"89":{"start":{"line":213,"column":6},"end":{"line":213,"column":53}},"90":{"start":{"line":213,"column":36},"end":{"line":213,"column":51}},"91":{"start":{"line":217,"column":23},"end":{"line":220,"column":8}},"92":{"start":{"line":218,"column":4},"end":{"line":218,"column":68}},"93":{"start":{"line":218,"column":42},"end":{"line":218,"column":66}},"94":{"start":{"line":219,"column":4},"end":{"line":219,"column":19}},"95":{"start":{"line":222,"column":23},"end":{"line":235,"column":8}},"96":{"start":{"line":223,"column":4},"end":{"line":234,"column":6}},"97":{"start":{"line":224,"column":6},"end":{"line":233,"column":7}},"98":{"start":{"line":225,"column":8},"end":{"line":232,"column":17}},"99":{"start":{"line":237,"column":30},"end":{"line":250,"column":20}},"100":{"start":{"line":238,"column":20},"end":{"line":238,"column":39}},"101":{"start":{"line":239,"column":4},"end":{"line":241,"column":5}},"102":{"start":{"line":240,"column":6},"end":{"line":240,"column":13}},"103":{"start":{"line":243,"column":4},"end":{"line":249,"column":6}},"104":{"start":{"line":244,"column":6},"end":{"line":248,"column":7}},"105":{"start":{"line":245,"column":8},"end":{"line":247,"column":17}},"106":{"start":{"line":252,"column":24},"end":{"line":293,"column":3}},"107":{"start":{"line":254,"column":21},"end":{"line":254,"column":61}},"108":{"start":{"line":254,"column":45},"end":{"line":254,"column":60}},"109":{"start":{"line":255,"column":6},"end":{"line":257,"column":7}},"110":{"start":{"line":256,"column":8},"end":{"line":256,"column":15}},"111":{"start":{"line":259,"column":19},"end":{"line":259,"column":62}},"112":{"start":{"line":260,"column":6},"end":{"line":263,"column":7}},"113":{"start":{"line":261,"column":8},"end":{"line":261,"column":62}},"114":{"start":{"line":262,"column":8},"end":{"line":262,"column":15}},"115":{"start":{"line":265,"column":6},"end":{"line":269,"column":8}},"116":{"start":{"line":266,"column":8},"end":{"line":268,"column":9}},"117":{"start":{"line":267,"column":10},"end":{"line":267,"column":70}},"118":{"start":{"line":271,"column":20},"end":{"line":271,"column":48}},"119":{"start":{"line":272,"column":22},"end":{"line":276,"column":8}},"120":{"start":{"line":278,"column":6},"end":{"line":290,"column":16}},"121":{"start":{"line":279,"column":8},"end":{"line":289,"column":10}},"122":{"start":{"line":280,"column":10},"end":{"line":288,"column":11}},"123":{"start":{"line":281,"column":12},"end":{"line":287,"column":21}},"124":{"start":{"line":295,"column":23},"end":{"line":343,"column":3}},"125":{"start":{"line":297,"column":20},"end":{"line":297,"column":58}},"126":{"start":{"line":297,"column":43},"end":{"line":297,"column":57}},"127":{"start":{"line":298,"column":6},"end":{"line":301,"column":7}},"128":{"start":{"line":299,"column":8},"end":{"line":299,"column":60}},"129":{"start":{"line":300,"column":8},"end":{"line":300,"column":15}},"130":{"start":{"line":303,"column":6},"end":{"line":306,"column":7}},"131":{"start":{"line":304,"column":8},"end":{"line":304,"column":63}},"132":{"start":{"line":305,"column":8},"end":{"line":305,"column":15}},"133":{"start":{"line":308,"column":48},"end":{"line":308,"column":77}},"134":{"start":{"line":309,"column":6},"end":{"line":312,"column":7}},"135":{"start":{"line":310,"column":8},"end":{"line":310,"column":55}},"136":{"start":{"line":311,"column":8},"end":{"line":311,"column":15}},"137":{"start":{"line":314,"column":21},"end":{"line":314,"column":38}},"138":{"start":{"line":315,"column":6},"end":{"line":318,"column":7}},"139":{"start":{"line":316,"column":8},"end":{"line":316,"column":58}},"140":{"start":{"line":317,"column":8},"end":{"line":317,"column":15}},"141":{"start":{"line":320,"column":6},"end":{"line":340,"column":7}},"142":{"start":{"line":321,"column":8},"end":{"line":330,"column":11}},"143":{"start":{"line":332,"column":8},"end":{"line":332,"column":57}},"144":{"start":{"line":333,"column":8},"end":{"line":333,"column":30}},"145":{"start":{"line":334,"column":8},"end":{"line":336,"column":9}},"146":{"start":{"line":335,"column":10},"end":{"line":335,"column":33}},"147":{"start":{"line":338,"column":8},"end":{"line":338,"column":48}},"148":{"start":{"line":339,"column":8},"end":{"line":339,"column":50}},"149":{"start":{"line":345,"column":21},"end":{"line":345,"column":39}},"150":{"start":{"line":346,"column":33},"end":{"line":352,"column":3}},"151":{"start":{"line":348,"column":6},"end":{"line":350,"column":7}},"152":{"start":{"line":349,"column":19},"end":{"line":349,"column":78}},"153":{"start":{"line":354,"column":2},"end":{"line":605,"column":4}},"154":{"start":{"line":377,"column":31},"end":{"line":377,"column":66}},"155":{"start":{"line":412,"column":10},"end":{"line":415,"column":11}},"156":{"start":{"line":413,"column":12},"end":{"line":413,"column":35}},"157":{"start":{"line":414,"column":12},"end":{"line":414,"column":42}},"158":{"start":{"line":455,"column":14},"end":{"line":591,"column":24}},"159":{"start":{"line":479,"column":22},"end":{"line":479,"column":64}},"160":{"start":{"line":486,"column":37},"end":{"line":486,"column":60}},"161":{"start":{"line":517,"column":37},"end":{"line":517,"column":58}},"162":{"start":{"line":559,"column":26},"end":{"line":559,"column":56}},"163":{"start":{"line":564,"column":26},"end":{"line":566,"column":34}},"164":{"start":{"line":573,"column":41},"end":{"line":573,"column":63}},"165":{"start":{"line":583,"column":41},"end":{"line":583,"column":62}}},"fnMap":{"0":{"name":"(anonymous_0)","decl":{"start":{"line":46,"column":17},"end":{"line":46,"column":18}},"loc":{"start":{"line":47,"column":2},"end":{"line":47,"column":78}},"line":47},"1":{"name":"(anonymous_1)","decl":{"start":{"line":51,"column":17},"end":{"line":51,"column":18}},"loc":{"start":{"line":51,"column":52},"end":{"line":57,"column":1}},"line":51},"2":{"name":"(anonymous_2)","decl":{"start":{"line":59,"column":26},"end":{"line":59,"column":27}},"loc":{"start":{"line":60,"column":2},"end":{"line":65,"column":4}},"line":60},"3":{"name":"(anonymous_3)","decl":{"start":{"line":60,"column":22},"end":{"line":60,"column":23}},"loc":{"start":{"line":60,"column":43},"end":{"line":65,"column":3}},"line":60},"4":{"name":"(anonymous_4)","decl":{"start":{"line":62,"column":20},"end":{"line":62,"column":21}},"loc":{"start":{"line":62,"column":26},"end":{"line":62,"column":56}},"line":62},"5":{"name":"(anonymous_5)","decl":{"start":{"line":63,"column":21},"end":{"line":63,"column":22}},"loc":{"start":{"line":63,"column":27},"end":{"line":63,"column":47}},"line":63},"6":{"name":"(anonymous_6)","decl":{"start":{"line":67,"column":24},"end":{"line":67,"column":25}},"loc":{"start":{"line":67,"column":43},"end":{"line":73,"column":1}},"line":67},"7":{"name":"(anonymous_7)","decl":{"start":{"line":75,"column":22},"end":{"line":75,"column":23}},"loc":{"start":{"line":75,"column":53},"end":{"line":106,"column":1}},"line":75},"8":{"name":"(anonymous_8)","decl":{"start":{"line":101,"column":15},"end":{"line":101,"column":16}},"loc":{"start":{"line":101,"column":24},"end":{"line":101,"column":53}},"line":101},"9":{"name":"EventBuilder","decl":{"start":{"line":108,"column":16},"end":{"line":108,"column":28}},"loc":{"start":{"line":108,"column":68},"end":{"line":606,"column":1}},"line":108},"10":{"name":"(anonymous_10)","decl":{"start":{"line":117,"column":4},"end":{"line":117,"column":5}},"loc":{"start":{"line":117,"column":37},"end":{"line":169,"column":5}},"line":117},"11":{"name":"(anonymous_11)","decl":{"start":{"line":128,"column":18},"end":{"line":128,"column":19}},"loc":{"start":{"line":128,"column":62},"end":{"line":157,"column":9}},"line":128},"12":{"name":"(anonymous_12)","decl":{"start":{"line":161,"column":8},"end":{"line":161,"column":9}},"loc":{"start":{"line":161,"column":48},"end":{"line":161,"column":66}},"line":161},"13":{"name":"(anonymous_13)","decl":{"start":{"line":168,"column":17},"end":{"line":168,"column":18}},"loc":{"start":{"line":168,"column":27},"end":{"line":168,"column":53}},"line":168},"14":{"name":"(anonymous_14)","decl":{"start":{"line":173,"column":12},"end":{"line":173,"column":13}},"loc":{"start":{"line":173,"column":18},"end":{"line":175,"column":3}},"line":173},"15":{"name":"(anonymous_15)","decl":{"start":{"line":174,"column":39},"end":{"line":174,"column":40}},"loc":{"start":{"line":174,"column":50},"end":{"line":174,"column":66}},"line":174},"16":{"name":"(anonymous_16)","decl":{"start":{"line":178,"column":4},"end":{"line":178,"column":5}},"loc":{"start":{"line":178,"column":10},"end":{"line":180,"column":5}},"line":178},"17":{"name":"(anonymous_17)","decl":{"start":{"line":178,"column":10},"end":{"line":178,"column":11}},"loc":{"start":{"line":178,"column":16},"end":{"line":180,"column":5}},"line":178},"18":{"name":"(anonymous_18)","decl":{"start":{"line":179,"column":35},"end":{"line":179,"column":36}},"loc":{"start":{"line":179,"column":44},"end":{"line":179,"column":68}},"line":179},"19":{"name":"(anonymous_19)","decl":{"start":{"line":184,"column":28},"end":{"line":184,"column":29}},"loc":{"start":{"line":184,"column":70},"end":{"line":187,"column":3}},"line":184},"20":{"name":"(anonymous_20)","decl":{"start":{"line":189,"column":17},"end":{"line":189,"column":18}},"loc":{"start":{"line":189,"column":55},"end":{"line":193,"column":3}},"line":189},"21":{"name":"(anonymous_21)","decl":{"start":{"line":195,"column":21},"end":{"line":195,"column":22}},"loc":{"start":{"line":195,"column":59},"end":{"line":200,"column":3}},"line":195},"22":{"name":"(anonymous_22)","decl":{"start":{"line":202,"column":22},"end":{"line":202,"column":23}},"loc":{"start":{"line":202,"column":60},"end":{"line":205,"column":3}},"line":202},"23":{"name":"(anonymous_23)","decl":{"start":{"line":207,"column":34},"end":{"line":207,"column":35}},"loc":{"start":{"line":207,"column":50},"end":{"line":215,"column":3}},"line":207},"24":{"name":"(anonymous_24)","decl":{"start":{"line":208,"column":15},"end":{"line":208,"column":16}},"loc":{"start":{"line":208,"column":25},"end":{"line":214,"column":5}},"line":208},"25":{"name":"(anonymous_25)","decl":{"start":{"line":209,"column":31},"end":{"line":209,"column":32}},"loc":{"start":{"line":209,"column":42},"end":{"line":209,"column":57}},"line":209},"26":{"name":"(anonymous_26)","decl":{"start":{"line":213,"column":25},"end":{"line":213,"column":26}},"loc":{"start":{"line":213,"column":36},"end":{"line":213,"column":51}},"line":213},"27":{"name":"(anonymous_27)","decl":{"start":{"line":217,"column":35},"end":{"line":217,"column":36}},"loc":{"start":{"line":217,"column":41},"end":{"line":220,"column":3}},"line":217},"28":{"name":"(anonymous_28)","decl":{"start":{"line":218,"column":33},"end":{"line":218,"column":34}},"loc":{"start":{"line":218,"column":42},"end":{"line":218,"column":66}},"line":218},"29":{"name":"(anonymous_29)","decl":{"start":{"line":222,"column":35},"end":{"line":222,"column":36}},"loc":{"start":{"line":222,"column":67},"end":{"line":235,"column":3}},"line":222},"30":{"name":"(anonymous_30)","decl":{"start":{"line":223,"column":15},"end":{"line":223,"column":16}},"loc":{"start":{"line":224,"column":6},"end":{"line":233,"column":7}},"line":224},"31":{"name":"(anonymous_31)","decl":{"start":{"line":224,"column":15},"end":{"line":224,"column":16}},"loc":{"start":{"line":225,"column":8},"end":{"line":232,"column":17}},"line":225},"32":{"name":"(anonymous_32)","decl":{"start":{"line":237,"column":42},"end":{"line":237,"column":43}},"loc":{"start":{"line":237,"column":48},"end":{"line":250,"column":3}},"line":237},"33":{"name":"(anonymous_33)","decl":{"start":{"line":243,"column":15},"end":{"line":243,"column":16}},"loc":{"start":{"line":244,"column":6},"end":{"line":248,"column":7}},"line":244},"34":{"name":"(anonymous_34)","decl":{"start":{"line":244,"column":15},"end":{"line":244,"column":16}},"loc":{"start":{"line":245,"column":8},"end":{"line":247,"column":17}},"line":245},"35":{"name":"(anonymous_35)","decl":{"start":{"line":253,"column":4},"end":{"line":253,"column":5}},"loc":{"start":{"line":253,"column":20},"end":{"line":291,"column":5}},"line":253},"36":{"name":"(anonymous_36)","decl":{"start":{"line":254,"column":34},"end":{"line":254,"column":35}},"loc":{"start":{"line":254,"column":45},"end":{"line":254,"column":60}},"line":254},"37":{"name":"(anonymous_37)","decl":{"start":{"line":265,"column":17},"end":{"line":265,"column":18}},"loc":{"start":{"line":266,"column":8},"end":{"line":268,"column":9}},"line":266},"38":{"name":"(anonymous_38)","decl":{"start":{"line":266,"column":17},"end":{"line":266,"column":18}},"loc":{"start":{"line":267,"column":10},"end":{"line":267,"column":70}},"line":267},"39":{"name":"(anonymous_39)","decl":{"start":{"line":278,"column":15},"end":{"line":278,"column":16}},"loc":{"start":{"line":278,"column":21},"end":{"line":290,"column":7}},"line":278},"40":{"name":"(anonymous_40)","decl":{"start":{"line":279,"column":19},"end":{"line":279,"column":20}},"loc":{"start":{"line":280,"column":10},"end":{"line":288,"column":11}},"line":280},"41":{"name":"(anonymous_41)","decl":{"start":{"line":280,"column":19},"end":{"line":280,"column":20}},"loc":{"start":{"line":281,"column":12},"end":{"line":287,"column":21}},"line":281},"42":{"name":"(anonymous_42)","decl":{"start":{"line":296,"column":4},"end":{"line":296,"column":5}},"loc":{"start":{"line":296,"column":26},"end":{"line":341,"column":5}},"line":296},"43":{"name":"(anonymous_43)","decl":{"start":{"line":297,"column":33},"end":{"line":297,"column":34}},"loc":{"start":{"line":297,"column":43},"end":{"line":297,"column":57}},"line":297},"44":{"name":"(anonymous_44)","decl":{"start":{"line":347,"column":4},"end":{"line":347,"column":5}},"loc":{"start":{"line":348,"column":6},"end":{"line":350,"column":7}},"line":348},"45":{"name":"(anonymous_45)","decl":{"start":{"line":349,"column":8},"end":{"line":349,"column":9}},"loc":{"start":{"line":349,"column":19},"end":{"line":349,"column":78}},"line":349},"46":{"name":"(anonymous_46)","decl":{"start":{"line":377,"column":20},"end":{"line":377,"column":21}},"loc":{"start":{"line":377,"column":31},"end":{"line":377,"column":66}},"line":377},"47":{"name":"(anonymous_47)","decl":{"start":{"line":411,"column":19},"end":{"line":411,"column":20}},"loc":{"start":{"line":411,"column":30},"end":{"line":416,"column":9}},"line":411},"48":{"name":"(anonymous_48)","decl":{"start":{"line":454,"column":25},"end":{"line":454,"column":26}},"loc":{"start":{"line":455,"column":14},"end":{"line":591,"column":24}},"line":455},"49":{"name":"(anonymous_49)","decl":{"start":{"line":478,"column":30},"end":{"line":478,"column":31}},"loc":{"start":{"line":479,"column":22},"end":{"line":479,"column":64}},"line":479},"50":{"name":"(anonymous_50)","decl":{"start":{"line":486,"column":31},"end":{"line":486,"column":32}},"loc":{"start":{"line":486,"column":37},"end":{"line":486,"column":60}},"line":486},"51":{"name":"(anonymous_51)","decl":{"start":{"line":517,"column":31},"end":{"line":517,"column":32}},"loc":{"start":{"line":517,"column":37},"end":{"line":517,"column":58}},"line":517},"52":{"name":"(anonymous_52)","decl":{"start":{"line":558,"column":48},"end":{"line":558,"column":49}},"loc":{"start":{"line":559,"column":26},"end":{"line":559,"column":56}},"line":559},"53":{"name":"(anonymous_53)","decl":{"start":{"line":563,"column":48},"end":{"line":563,"column":49}},"loc":{"start":{"line":564,"column":26},"end":{"line":566,"column":34}},"line":564},"54":{"name":"(anonymous_54)","decl":{"start":{"line":573,"column":35},"end":{"line":573,"column":36}},"loc":{"start":{"line":573,"column":41},"end":{"line":573,"column":63}},"line":573},"55":{"name":"(anonymous_55)","decl":{"start":{"line":583,"column":35},"end":{"line":583,"column":36}},"loc":{"start":{"line":583,"column":41},"end":{"line":583,"column":62}},"line":583}},"branchMap":{"0":{"loc":{"start":{"line":52,"column":2},"end":{"line":55,"column":3}},"type":"if","locations":[{"start":{"line":52,"column":2},"end":{"line":55,"column":3}},{"start":{},"end":{}}],"line":52},"1":{"loc":{"start":{"line":69,"column":2},"end":{"line":71,"column":3}},"type":"if","locations":[{"start":{"line":69,"column":2},"end":{"line":71,"column":3}},{"start":{},"end":{}}],"line":69},"2":{"loc":{"start":{"line":77,"column":4},"end":{"line":79,"column":10}},"type":"cond-expr","locations":[{"start":{"line":78,"column":8},"end":{"line":78,"column":63}},{"start":{"line":79,"column":8},"end":{"line":79,"column":10}}],"line":77},"3":{"loc":{"start":{"line":80,"column":4},"end":{"line":91,"column":10}},"type":"cond-expr","locations":[{"start":{"line":81,"column":8},"end":{"line":90,"column":28}},{"start":{"line":91,"column":8},"end":{"line":91,"column":10}}],"line":80},"4":{"loc":{"start":{"line":80,"column":4},"end":{"line":80,"column":38}},"type":"binary-expr","locations":[{"start":{"line":80,"column":4},"end":{"line":80,"column":20}},{"start":{"line":80,"column":24},"end":{"line":80,"column":38}}],"line":80},"5":{"loc":{"start":{"line":82,"column":10},"end":{"line":84,"column":16}},"type":"cond-expr","locations":[{"start":{"line":83,"column":14},"end":{"line":83,"column":77}},{"start":{"line":84,"column":14},"end":{"line":84,"column":16}}],"line":82},"6":{"loc":{"start":{"line":85,"column":10},"end":{"line":87,"column":16}},"type":"cond-expr","locations":[{"start":{"line":86,"column":14},"end":{"line":86,"column":73}},{"start":{"line":87,"column":14},"end":{"line":87,"column":16}}],"line":85},"7":{"loc":{"start":{"line":97,"column":16},"end":{"line":97,"column":92}},"type":"cond-expr","locations":[{"start":{"line":97,"column":32},"end":{"line":97,"column":87}},{"start":{"line":97,"column":90},"end":{"line":97,"column":92}}],"line":97},"8":{"loc":{"start":{"line":99,"column":4},"end":{"line":103,"column":10}},"type":"cond-expr","locations":[{"start":{"line":100,"column":8},"end":{"line":102,"column":26}},{"start":{"line":103,"column":8},"end":{"line":103,"column":10}}],"line":99},"9":{"loc":{"start":{"line":118,"column":6},"end":{"line":120,"column":7}},"type":"if","locations":[{"start":{"line":118,"column":6},"end":{"line":120,"column":7}},{"start":{},"end":{}}],"line":118},"10":{"loc":{"start":{"line":118,"column":10},"end":{"line":118,"column":36}},"type":"binary-expr","locations":[{"start":{"line":118,"column":10},"end":{"line":118,"column":15}},{"start":{"line":118,"column":19},"end":{"line":118,"column":36}}],"line":118},"11":{"loc":{"start":{"line":123,"column":6},"end":{"line":125,"column":7}},"type":"if","locations":[{"start":{"line":123,"column":6},"end":{"line":125,"column":7}},{"start":{},"end":{}}],"line":123},"12":{"loc":{"start":{"line":129,"column":10},"end":{"line":132,"column":11}},"type":"if","locations":[{"start":{"line":129,"column":10},"end":{"line":132,"column":11}},{"start":{},"end":{}}],"line":129},"13":{"loc":{"start":{"line":134,"column":10},"end":{"line":137,"column":11}},"type":"if","locations":[{"start":{"line":134,"column":10},"end":{"line":137,"column":11}},{"start":{},"end":{}}],"line":134},"14":{"loc":{"start":{"line":164,"column":6},"end":{"line":166,"column":7}},"type":"if","locations":[{"start":{"line":164,"column":6},"end":{"line":166,"column":7}},{"start":{},"end":{}}],"line":164},"15":{"loc":{"start":{"line":197,"column":4},"end":{"line":199,"column":5}},"type":"if","locations":[{"start":{"line":197,"column":4},"end":{"line":199,"column":5}},{"start":{},"end":{}}],"line":197},"16":{"loc":{"start":{"line":210,"column":6},"end":{"line":212,"column":7}},"type":"if","locations":[{"start":{"line":210,"column":6},"end":{"line":212,"column":7}},{"start":{},"end":{}}],"line":210},"17":{"loc":{"start":{"line":225,"column":8},"end":{"line":232,"column":17}},"type":"cond-expr","locations":[{"start":{"line":226,"column":12},"end":{"line":231,"column":13}},{"start":{"line":232,"column":12},"end":{"line":232,"column":17}}],"line":225},"18":{"loc":{"start":{"line":229,"column":22},"end":{"line":229,"column":70}},"type":"cond-expr","locations":[{"start":{"line":229,"column":49},"end":{"line":229,"column":55}},{"start":{"line":229,"column":58},"end":{"line":229,"column":70}}],"line":229},"19":{"loc":{"start":{"line":230,"column":23},"end":{"line":230,"column":75}},"type":"cond-expr","locations":[{"start":{"line":230,"column":50},"end":{"line":230,"column":59}},{"start":{"line":230,"column":62},"end":{"line":230,"column":75}}],"line":230},"20":{"loc":{"start":{"line":239,"column":4},"end":{"line":241,"column":5}},"type":"if","locations":[{"start":{"line":239,"column":4},"end":{"line":241,"column":5}},{"start":{},"end":{}}],"line":239},"21":{"loc":{"start":{"line":245,"column":8},"end":{"line":247,"column":17}},"type":"cond-expr","locations":[{"start":{"line":246,"column":12},"end":{"line":246,"column":41}},{"start":{"line":247,"column":12},"end":{"line":247,"column":17}}],"line":245},"22":{"loc":{"start":{"line":245,"column":8},"end":{"line":245,"column":55}},"type":"binary-expr","locations":[{"start":{"line":245,"column":8},"end":{"line":245,"column":31}},{"start":{"line":245,"column":35},"end":{"line":245,"column":55}}],"line":245},"23":{"loc":{"start":{"line":255,"column":6},"end":{"line":257,"column":7}},"type":"if","locations":[{"start":{"line":255,"column":6},"end":{"line":257,"column":7}},{"start":{},"end":{}}],"line":255},"24":{"loc":{"start":{"line":259,"column":19},"end":{"line":259,"column":62}},"type":"binary-expr","locations":[{"start":{"line":259,"column":19},"end":{"line":259,"column":39}},{"start":{"line":259,"column":43},"end":{"line":259,"column":62}}],"line":259},"25":{"loc":{"start":{"line":260,"column":6},"end":{"line":263,"column":7}},"type":"if","locations":[{"start":{"line":260,"column":6},"end":{"line":263,"column":7}},{"start":{},"end":{}}],"line":260},"26":{"loc":{"start":{"line":267,"column":10},"end":{"line":267,"column":70}},"type":"cond-expr","locations":[{"start":{"line":267,"column":28},"end":{"line":267,"column":62}},{"start":{"line":267,"column":65},"end":{"line":267,"column":70}}],"line":267},"27":{"loc":{"start":{"line":281,"column":12},"end":{"line":287,"column":21}},"type":"cond-expr","locations":[{"start":{"line":282,"column":16},"end":{"line":286,"column":17}},{"start":{"line":287,"column":16},"end":{"line":287,"column":21}}],"line":281},"28":{"loc":{"start":{"line":298,"column":6},"end":{"line":301,"column":7}},"type":"if","locations":[{"start":{"line":298,"column":6},"end":{"line":301,"column":7}},{"start":{},"end":{}}],"line":298},"29":{"loc":{"start":{"line":298,"column":10},"end":{"line":298,"column":62}},"type":"binary-expr","locations":[{"start":{"line":298,"column":10},"end":{"line":298,"column":16}},{"start":{"line":298,"column":20},"end":{"line":298,"column":44}},{"start":{"line":298,"column":48},"end":{"line":298,"column":62}}],"line":298},"30":{"loc":{"start":{"line":303,"column":6},"end":{"line":306,"column":7}},"type":"if","locations":[{"start":{"line":303,"column":6},"end":{"line":306,"column":7}},{"start":{},"end":{}}],"line":303},"31":{"loc":{"start":{"line":309,"column":6},"end":{"line":312,"column":7}},"type":"if","locations":[{"start":{"line":309,"column":6},"end":{"line":312,"column":7}},{"start":{},"end":{}}],"line":309},"32":{"loc":{"start":{"line":315,"column":6},"end":{"line":318,"column":7}},"type":"if","locations":[{"start":{"line":315,"column":6},"end":{"line":318,"column":7}},{"start":{},"end":{}}],"line":315},"33":{"loc":{"start":{"line":334,"column":8},"end":{"line":336,"column":9}},"type":"if","locations":[{"start":{"line":334,"column":8},"end":{"line":336,"column":9}},{"start":{},"end":{}}],"line":334},"34":{"loc":{"start":{"line":349,"column":19},"end":{"line":349,"column":78}},"type":"binary-expr","locations":[{"start":{"line":349,"column":19},"end":{"line":349,"column":42}},{"start":{"line":349,"column":46},"end":{"line":349,"column":78}}],"line":349},"35":{"loc":{"start":{"line":389,"column":22},"end":{"line":389,"column":69}},"type":"binary-expr","locations":[{"start":{"line":389,"column":22},"end":{"line":389,"column":45}},{"start":{"line":389,"column":49},"end":{"line":389,"column":69}}],"line":389},"36":{"loc":{"start":{"line":398,"column":28},"end":{"line":398,"column":56}},"type":"binary-expr","locations":[{"start":{"line":398,"column":28},"end":{"line":398,"column":48}},{"start":{"line":398,"column":52},"end":{"line":398,"column":56}}],"line":398},"37":{"loc":{"start":{"line":404,"column":10},"end":{"line":404,"column":52}},"type":"cond-expr","locations":[{"start":{"line":404,"column":23},"end":{"line":404,"column":47}},{"start":{"line":404,"column":50},"end":{"line":404,"column":52}}],"line":404},"38":{"loc":{"start":{"line":412,"column":10},"end":{"line":415,"column":11}},"type":"if","locations":[{"start":{"line":412,"column":10},"end":{"line":415,"column":11}},{"start":{},"end":{}}],"line":412},"39":{"loc":{"start":{"line":412,"column":14},"end":{"line":412,"column":56}},"type":"binary-expr","locations":[{"start":{"line":412,"column":14},"end":{"line":412,"column":35}},{"start":{"line":412,"column":39},"end":{"line":412,"column":56}}],"line":412},"40":{"loc":{"start":{"line":440,"column":7},"end":{"line":603,"column":7}},"type":"cond-expr","locations":[{"start":{"line":441,"column":8},"end":{"line":594,"column":11}},{"start":{"line":596,"column":8},"end":{"line":602,"column":14}}],"line":440},"41":{"loc":{"start":{"line":445,"column":15},"end":{"line":445,"column":68}},"type":"cond-expr","locations":[{"start":{"line":445,"column":38},"end":{"line":445,"column":51}},{"start":{"line":445,"column":54},"end":{"line":445,"column":68}}],"line":445},"42":{"loc":{"start":{"line":488,"column":24},"end":{"line":489,"column":70}},"type":"binary-expr","locations":[{"start":{"line":488,"column":24},"end":{"line":488,"column":53}},{"start":{"line":489,"column":25},"end":{"line":489,"column":45}},{"start":{"line":489,"column":49},"end":{"line":489,"column":69}}],"line":488},"43":{"loc":{"start":{"line":492,"column":23},"end":{"line":511,"column":23}},"type":"cond-expr","locations":[{"start":{"line":493,"column":24},"end":{"line":500,"column":27}},{"start":{"line":501,"column":26},"end":{"line":511,"column":23}}],"line":492},"44":{"loc":{"start":{"line":501,"column":26},"end":{"line":511,"column":23}},"type":"cond-expr","locations":[{"start":{"line":502,"column":24},"end":{"line":505,"column":27}},{"start":{"line":507,"column":24},"end":{"line":510,"column":27}}],"line":501},"45":{"loc":{"start":{"line":524,"column":19},"end":{"line":589,"column":26}},"type":"cond-expr","locations":[{"start":{"line":525,"column":20},"end":{"line":588,"column":26}},{"start":{"line":589,"column":22},"end":{"line":589,"column":26}}],"line":524},"46":{"loc":{"start":{"line":524,"column":19},"end":{"line":524,"column":60}},"type":"binary-expr","locations":[{"start":{"line":524,"column":19},"end":{"line":524,"column":43}},{"start":{"line":524,"column":47},"end":{"line":524,"column":60}}],"line":524},"47":{"loc":{"start":{"line":538,"column":33},"end":{"line":538,"column":85}},"type":"binary-expr","locations":[{"start":{"line":538,"column":33},"end":{"line":538,"column":56}},{"start":{"line":538,"column":60},"end":{"line":538,"column":85}}],"line":538}},"s":{"0":1,"1":1,"2":1,"3":1,"4":1,"5":1,"6":1,"7":1,"8":0,"9":1,"10":1,"11":1,"12":1,"13":1,"14":1,"15":0,"16":1,"17":1,"18":2,"19":2,"20":0,"21":2,"22":1,"23":1,"24":1,"25":1,"26":1,"27":1,"28":1,"29":18,"30":18,"31":18,"32":18,"33":18,"34":18,"35":18,"36":1,"37":0,"38":1,"39":1,"40":0,"41":1,"42":1,"43":0,"44":0,"45":1,"46":0,"47":0,"48":1,"49":1,"50":1,"51":1,"52":1,"53":0,"54":0,"55":0,"56":1,"57":1,"58":1,"59":0,"60":1,"61":1,"62":18,"63":4,"64":2,"65":18,"66":1,"67":1,"68":0,"69":18,"70":1,"71":1,"72":18,"73":0,"74":0,"75":0,"76":18,"77":0,"78":0,"79":0,"80":18,"81":0,"82":0,"83":18,"84":1,"85":1,"86":1,"87":1,"88":1,"89":1,"90":1,"91":18,"92":0,"93":0,"94":0,"95":18,"96":0,"97":0,"98":0,"99":18,"100":0,"101":0,"102":0,"103":0,"104":0,"105":0,"106":18,"107":1,"108":1,"109":1,"110":0,"111":1,"112":1,"113":0,"114":0,"115":1,"116":1,"117":1,"118":1,"119":1,"120":1,"121":1,"122":1,"123":1,"124":18,"125":1,"126":1,"127":1,"128":0,"129":0,"130":1,"131":0,"132":0,"133":1,"134":1,"135":0,"136":0,"137":1,"138":1,"139":0,"140":0,"141":1,"142":1,"143":1,"144":1,"145":1,"146":1,"147":0,"148":0,"149":18,"150":18,"151":4,"152":2,"153":18,"154":13,"155":0,"156":0,"157":0,"158":3,"159":0,"160":1,"161":0,"162":4,"163":2,"164":1,"165":0},"f":{"0":1,"1":1,"2":1,"3":1,"4":1,"5":0,"6":2,"7":1,"8":1,"9":18,"10":1,"11":1,"12":1,"13":1,"14":4,"15":2,"16":1,"17":1,"18":0,"19":1,"20":0,"21":0,"22":0,"23":1,"24":1,"25":1,"26":1,"27":0,"28":0,"29":0,"30":0,"31":0,"32":0,"33":0,"34":0,"35":1,"36":1,"37":1,"38":1,"39":1,"40":1,"41":1,"42":1,"43":1,"44":4,"45":2,"46":13,"47":0,"48":3,"49":0,"50":1,"51":0,"52":4,"53":2,"54":1,"55":0},"b":{"0":[1,0],"1":[0,2],"2":[1,0],"3":[1,0],"4":[1,0],"5":[1,0],"6":[1,0],"7":[1,0],"8":[1,0],"9":[0,1],"10":[1,1],"11":[0,1],"12":[0,1],"13":[0,1],"14":[0,1],"15":[0,0],"16":[1,0],"17":[0,0],"18":[0,0],"19":[0,0],"20":[0,0],"21":[0,0],"22":[0,0],"23":[0,1],"24":[1,0],"25":[0,1],"26":[1,0],"27":[1,0],"28":[0,1],"29":[1,1,1],"30":[0,1],"31":[0,1],"32":[0,1],"33":[1,0],"34":[2,1],"35":[18,0],"36":[18,16],"37":[0,18],"38":[0,0],"39":[0,0],"40":[3,15],"41":[3,0],"42":[3,3,0],"43":[0,3],"44":[2,1],"45":[2,1],"46":[3,2],"47":[2,1]},"_coverageSchema":"1a1c01bbd47fc00a2c39e90264f33305004495a9","hash":"06c4e45ac228e52fec248575a367d78739067f5f"}
,"/Users/asands/Projects/DigiTimes/src/components/Header.tsx": {"path":"/Users/asands/Projects/DigiTimes/src/components/Header.tsx","statementMap":{"0":{"start":{"line":16,"column":19},"end":{"line":16,"column":32}},"1":{"start":{"line":18,"column":24},"end":{"line":23,"column":23}},"2":{"start":{"line":25,"column":33},"end":{"line":27,"column":16}},"3":{"start":{"line":26,"column":4},"end":{"line":26,"column":26}},"4":{"start":{"line":29,"column":24},"end":{"line":36,"column":16}},"5":{"start":{"line":30,"column":22},"end":{"line":30,"column":51}},"6":{"start":{"line":31,"column":4},"end":{"line":34,"column":5}},"7":{"start":{"line":32,"column":6},"end":{"line":32,"column":58}},"8":{"start":{"line":33,"column":6},"end":{"line":33,"column":13}},"9":{"start":{"line":35,"column":4},"end":{"line":35,"column":23}},"10":{"start":{"line":38,"column":2},"end":{"line":81,"column":4}}},"fnMap":{"0":{"name":"Header","decl":{"start":{"line":15,"column":16},"end":{"line":15,"column":22}},"loc":{"start":{"line":15,"column":25},"end":{"line":82,"column":1}},"line":15},"1":{"name":"(anonymous_1)","decl":{"start":{"line":25,"column":45},"end":{"line":25,"column":46}},"loc":{"start":{"line":25,"column":51},"end":{"line":27,"column":3}},"line":25},"2":{"name":"(anonymous_2)","decl":{"start":{"line":29,"column":36},"end":{"line":29,"column":37}},"loc":{"start":{"line":29,"column":48},"end":{"line":36,"column":3}},"line":29}},"branchMap":{"0":{"loc":{"start":{"line":31,"column":4},"end":{"line":34,"column":5}},"type":"if","locations":[{"start":{"line":31,"column":4},"end":{"line":34,"column":5}},{"start":{},"end":{}}],"line":31}},"s":{"0":2,"1":2,"2":2,"3":1,"4":2,"5":2,"6":2,"7":1,"8":1,"9":1,"10":2},"f":{"0":2,"1":1,"2":2},"b":{"0":[1,1]},"_coverageSchema":"1a1c01bbd47fc00a2c39e90264f33305004495a9","hash":"73647ad48d76b4d5944a65bae1f714dead09f969"}
,"/Users/asands/Projects/DigiTimes/src/components/HeroActions.tsx": {"path":"/Users/asands/Projects/DigiTimes/src/components/HeroActions.tsx","statementMap":{"0":{"start":{"line":13,"column":50},"end":{"line":13,"column":65}},"1":{"start":{"line":14,"column":46},"end":{"line":14,"column":61}},"2":{"start":{"line":16,"column":2},"end":{"line":68,"column":4}},"3":{"start":{"line":33,"column":27},"end":{"line":33,"column":52}},"4":{"start":{"line":43,"column":27},"end":{"line":43,"column":50}}},"fnMap":{"0":{"name":"HeroActions","decl":{"start":{"line":12,"column":16},"end":{"line":12,"column":27}},"loc":{"start":{"line":12,"column":80},"end":{"line":69,"column":1}},"line":12},"1":{"name":"(anonymous_1)","decl":{"start":{"line":33,"column":21},"end":{"line":33,"column":22}},"loc":{"start":{"line":33,"column":27},"end":{"line":33,"column":52}},"line":33},"2":{"name":"(anonymous_2)","decl":{"start":{"line":43,"column":21},"end":{"line":43,"column":22}},"loc":{"start":{"line":43,"column":27},"end":{"line":43,"column":50}},"line":43}},"branchMap":{"0":{"loc":{"start":{"line":57,"column":13},"end":{"line":57,"column":44}},"type":"cond-expr","locations":[{"start":{"line":57,"column":27},"end":{"line":57,"column":33}},{"start":{"line":57,"column":36},"end":{"line":57,"column":44}}],"line":57}},"s":{"0":0,"1":0,"2":0,"3":0,"4":0},"f":{"0":0,"1":0,"2":0},"b":{"0":[0,0]}}
,"/Users/asands/Projects/DigiTimes/src/components/JoinGroupDialog.tsx": {"path":"/Users/asands/Projects/DigiTimes/src/components/JoinGroupDialog.tsx","statementMap":{"0":{"start":{"line":21,"column":38},"end":{"line":21,"column":50}},"1":{"start":{"line":23,"column":21},"end":{"line":27,"column":3}},"2":{"start":{"line":24,"column":4},"end":{"line":24,"column":32}},"3":{"start":{"line":25,"column":4},"end":{"line":25,"column":24}},"4":{"start":{"line":26,"column":4},"end":{"line":26,"column":22}},"5":{"start":{"line":29,"column":2},"end":{"line":66,"column":4}},"6":{"start":{"line":47,"column":16},"end":{"line":47,"column":63}},"7":{"start":{"line":57,"column":51},"end":{"line":57,"column":70}}},"fnMap":{"0":{"name":"JoinGroupDialog","decl":{"start":{"line":20,"column":16},"end":{"line":20,"column":31}},"loc":{"start":{"line":20,"column":78},"end":{"line":67,"column":1}},"line":20},"1":{"name":"(anonymous_1)","decl":{"start":{"line":23,"column":21},"end":{"line":23,"column":22}},"loc":{"start":{"line":23,"column":27},"end":{"line":27,"column":3}},"line":23},"2":{"name":"(anonymous_2)","decl":{"start":{"line":46,"column":24},"end":{"line":46,"column":25}},"loc":{"start":{"line":47,"column":16},"end":{"line":47,"column":63}},"line":47},"3":{"name":"(anonymous_3)","decl":{"start":{"line":57,"column":45},"end":{"line":57,"column":46}},"loc":{"start":{"line":57,"column":51},"end":{"line":57,"column":70}},"line":57}},"branchMap":{},"s":{"0":0,"1":0,"2":0,"3":0,"4":0,"5":0,"6":0,"7":0},"f":{"0":0,"1":0,"2":0,"3":0},"b":{}}
,"/Users/asands/Projects/DigiTimes/src/components/StoryArchive.tsx": {"path":"/Users/asands/Projects/DigiTimes/src/components/StoryArchive.tsx","statementMap":{"0":{"start":{"line":12,"column":24},"end":{"line":25,"column":1}},"1":{"start":{"line":13,"column":2},"end":{"line":15,"column":3}},"2":{"start":{"line":14,"column":4},"end":{"line":14,"column":19}},"3":{"start":{"line":17,"column":2},"end":{"line":24,"column":3}},"4":{"start":{"line":18,"column":4},"end":{"line":21,"column":31}},"5":{"start":{"line":23,"column":4},"end":{"line":23,"column":22}},"6":{"start":{"line":28,"column":21},"end":{"line":28,"column":39}},"7":{"start":{"line":30,"column":2},"end":{"line":101,"column":4}},"8":{"start":{"line":54,"column":12},"end":{"line":89,"column":22}},"9":{"start":{"line":81,"column":37},"end":{"line":81,"column":53}}},"fnMap":{"0":{"name":"(anonymous_0)","decl":{"start":{"line":12,"column":24},"end":{"line":12,"column":25}},"loc":{"start":{"line":12,"column":50},"end":{"line":25,"column":1}},"line":12},"1":{"name":"StoryArchive","decl":{"start":{"line":27,"column":16},"end":{"line":27,"column":28}},"loc":{"start":{"line":27,"column":92},"end":{"line":102,"column":1}},"line":27},"2":{"name":"(anonymous_2)","decl":{"start":{"line":53,"column":23},"end":{"line":53,"column":24}},"loc":{"start":{"line":54,"column":12},"end":{"line":89,"column":22}},"line":54},"3":{"name":"(anonymous_3)","decl":{"start":{"line":81,"column":31},"end":{"line":81,"column":32}},"loc":{"start":{"line":81,"column":37},"end":{"line":81,"column":53}},"line":81}},"branchMap":{"0":{"loc":{"start":{"line":13,"column":2},"end":{"line":15,"column":3}},"type":"if","locations":[{"start":{"line":13,"column":2},"end":{"line":15,"column":3}},{"start":{},"end":{}}],"line":13},"1":{"loc":{"start":{"line":47,"column":7},"end":{"line":99,"column":7}},"type":"cond-expr","locations":[{"start":{"line":48,"column":8},"end":{"line":50,"column":14}},{"start":{"line":51,"column":10},"end":{"line":99,"column":7}}],"line":47},"2":{"loc":{"start":{"line":51,"column":10},"end":{"line":99,"column":7}},"type":"cond-expr","locations":[{"start":{"line":52,"column":8},"end":{"line":91,"column":14}},{"start":{"line":93,"column":8},"end":{"line":98,"column":14}}],"line":51},"3":{"loc":{"start":{"line":56,"column":17},"end":{"line":61,"column":24}},"type":"cond-expr","locations":[{"start":{"line":57,"column":18},"end":{"line":60,"column":20}},{"start":{"line":61,"column":20},"end":{"line":61,"column":24}}],"line":56},"4":{"loc":{"start":{"line":59,"column":25},"end":{"line":59,"column":62}},"type":"binary-expr","locations":[{"start":{"line":59,"column":25},"end":{"line":59,"column":36}},{"start":{"line":59,"column":40},"end":{"line":59,"column":62}}],"line":59},"5":{"loc":{"start":{"line":65,"column":23},"end":{"line":65,"column":54}},"type":"binary-expr","locations":[{"start":{"line":65,"column":23},"end":{"line":65,"column":34}},{"start":{"line":65,"column":38},"end":{"line":65,"column":54}}],"line":65},"6":{"loc":{"start":{"line":67,"column":29},"end":{"line":67,"column":95}},"type":"cond-expr","locations":[{"start":{"line":67,"column":49},"end":{"line":67,"column":80}},{"start":{"line":67,"column":83},"end":{"line":67,"column":95}}],"line":67}},"s":{"0":0,"1":0,"2":0,"3":0,"4":0,"5":0,"6":0,"7":0,"8":0,"9":0},"f":{"0":0,"1":0,"2":0,"3":0},"b":{"0":[0,0],"1":[0,0],"2":[0,0],"3":[0,0],"4":[0,0],"5":[0,0],"6":[0,0]}}
,"/Users/asands/Projects/DigiTimes/src/components/StoryEditorDialog.tsx": {"path":"/Users/asands/Projects/DigiTimes/src/components/StoryEditorDialog.tsx","statementMap":{"0":{"start":{"line":30,"column":34},"end":{"line":30,"column":46}},"1":{"start":{"line":31,"column":40},"end":{"line":31,"column":52}},"2":{"start":{"line":32,"column":30},"end":{"line":32,"column":42}},"3":{"start":{"line":33,"column":34},"end":{"line":33,"column":46}},"4":{"start":{"line":34,"column":28},"end":{"line":34,"column":40}},"5":{"start":{"line":35,"column":34},"end":{"line":35,"column":46}},"6":{"start":{"line":36,"column":30},"end":{"line":36,"column":42}},"7":{"start":{"line":37,"column":50},"end":{"line":37,"column":86}},"8":{"start":{"line":39,"column":2},"end":{"line":52,"column":14}},"9":{"start":{"line":40,"column":4},"end":{"line":42,"column":5}},"10":{"start":{"line":41,"column":6},"end":{"line":41,"column":13}},"11":{"start":{"line":44,"column":4},"end":{"line":44,"column":40}},"12":{"start":{"line":45,"column":4},"end":{"line":45,"column":46}},"13":{"start":{"line":46,"column":4},"end":{"line":46,"column":36}},"14":{"start":{"line":47,"column":4},"end":{"line":47,"column":40}},"15":{"start":{"line":48,"column":4},"end":{"line":48,"column":34}},"16":{"start":{"line":49,"column":4},"end":{"line":49,"column":49}},"17":{"start":{"line":50,"column":4},"end":{"line":50,"column":28}},"18":{"start":{"line":51,"column":4},"end":{"line":51,"column":48}},"19":{"start":{"line":54,"column":2},"end":{"line":56,"column":3}},"20":{"start":{"line":55,"column":4},"end":{"line":55,"column":16}},"21":{"start":{"line":58,"column":21},"end":{"line":79,"column":3}},"22":{"start":{"line":59,"column":17},"end":{"line":62,"column":22}},"23":{"start":{"line":61,"column":26},"end":{"line":61,"column":42}},"24":{"start":{"line":64,"column":4},"end":{"line":77,"column":7}},"25":{"start":{"line":78,"column":4},"end":{"line":78,"column":24}},"26":{"start":{"line":81,"column":2},"end":{"line":176,"column":4}},"27":{"start":{"line":102,"column":35},"end":{"line":102,"column":66}},"28":{"start":{"line":110,"column":35},"end":{"line":110,"column":69}},"29":{"start":{"line":119,"column":37},"end":{"line":119,"column":66}},"30":{"start":{"line":127,"column":37},"end":{"line":127,"column":68}},"31":{"start":{"line":136,"column":35},"end":{"line":136,"column":63}},"32":{"start":{"line":144,"column":35},"end":{"line":144,"column":66}},"33":{"start":{"line":153,"column":35},"end":{"line":153,"column":64}},"34":{"start":{"line":165,"column":63},"end":{"line":165,"column":82}}},"fnMap":{"0":{"name":"StoryEditorDialog","decl":{"start":{"line":24,"column":16},"end":{"line":24,"column":33}},"loc":{"start":{"line":29,"column":27},"end":{"line":177,"column":1}},"line":29},"1":{"name":"(anonymous_1)","decl":{"start":{"line":39,"column":12},"end":{"line":39,"column":13}},"loc":{"start":{"line":39,"column":18},"end":{"line":52,"column":3}},"line":39},"2":{"name":"(anonymous_2)","decl":{"start":{"line":58,"column":21},"end":{"line":58,"column":22}},"loc":{"start":{"line":58,"column":27},"end":{"line":79,"column":3}},"line":58},"3":{"name":"(anonymous_3)","decl":{"start":{"line":61,"column":11},"end":{"line":61,"column":12}},"loc":{"start":{"line":61,"column":26},"end":{"line":61,"column":42}},"line":61},"4":{"name":"(anonymous_4)","decl":{"start":{"line":102,"column":24},"end":{"line":102,"column":25}},"loc":{"start":{"line":102,"column":35},"end":{"line":102,"column":66}},"line":102},"5":{"name":"(anonymous_5)","decl":{"start":{"line":110,"column":24},"end":{"line":110,"column":25}},"loc":{"start":{"line":110,"column":35},"end":{"line":110,"column":69}},"line":110},"6":{"name":"(anonymous_6)","decl":{"start":{"line":119,"column":26},"end":{"line":119,"column":27}},"loc":{"start":{"line":119,"column":37},"end":{"line":119,"column":66}},"line":119},"7":{"name":"(anonymous_7)","decl":{"start":{"line":127,"column":26},"end":{"line":127,"column":27}},"loc":{"start":{"line":127,"column":37},"end":{"line":127,"column":68}},"line":127},"8":{"name":"(anonymous_8)","decl":{"start":{"line":136,"column":24},"end":{"line":136,"column":25}},"loc":{"start":{"line":136,"column":35},"end":{"line":136,"column":63}},"line":136},"9":{"name":"(anonymous_9)","decl":{"start":{"line":144,"column":24},"end":{"line":144,"column":25}},"loc":{"start":{"line":144,"column":35},"end":{"line":144,"column":66}},"line":144},"10":{"name":"(anonymous_10)","decl":{"start":{"line":153,"column":24},"end":{"line":153,"column":25}},"loc":{"start":{"line":153,"column":35},"end":{"line":153,"column":64}},"line":153},"11":{"name":"(anonymous_11)","decl":{"start":{"line":165,"column":57},"end":{"line":165,"column":58}},"loc":{"start":{"line":165,"column":63},"end":{"line":165,"column":82}},"line":165}},"branchMap":{"0":{"loc":{"start":{"line":40,"column":4},"end":{"line":42,"column":5}},"type":"if","locations":[{"start":{"line":40,"column":4},"end":{"line":42,"column":5}},{"start":{},"end":{}}],"line":40},"1":{"loc":{"start":{"line":51,"column":24},"end":{"line":51,"column":46}},"type":"binary-expr","locations":[{"start":{"line":51,"column":24},"end":{"line":51,"column":38}},{"start":{"line":51,"column":42},"end":{"line":51,"column":46}}],"line":51},"2":{"loc":{"start":{"line":54,"column":2},"end":{"line":56,"column":3}},"type":"if","locations":[{"start":{"line":54,"column":2},"end":{"line":56,"column":3}},{"start":{},"end":{}}],"line":54},"3":{"loc":{"start":{"line":71,"column":14},"end":{"line":71,"column":57}},"type":"cond-expr","locations":[{"start":{"line":71,"column":32},"end":{"line":71,"column":36}},{"start":{"line":71,"column":39},"end":{"line":71,"column":57}}],"line":71},"4":{"loc":{"start":{"line":72,"column":15},"end":{"line":72,"column":50}},"type":"binary-expr","locations":[{"start":{"line":72,"column":15},"end":{"line":72,"column":27}},{"start":{"line":72,"column":31},"end":{"line":72,"column":50}}],"line":72},"5":{"loc":{"start":{"line":75,"column":18},"end":{"line":75,"column":66}},"type":"binary-expr","locations":[{"start":{"line":75,"column":18},"end":{"line":75,"column":38}},{"start":{"line":75,"column":42},"end":{"line":75,"column":58}},{"start":{"line":75,"column":62},"end":{"line":75,"column":66}}],"line":75},"6":{"loc":{"start":{"line":76,"column":16},"end":{"line":76,"column":58}},"type":"binary-expr","locations":[{"start":{"line":76,"column":16},"end":{"line":76,"column":32}},{"start":{"line":76,"column":36},"end":{"line":76,"column":50}},{"start":{"line":76,"column":54},"end":{"line":76,"column":58}}],"line":76},"7":{"loc":{"start":{"line":89,"column":11},"end":{"line":93,"column":18}},"type":"cond-expr","locations":[{"start":{"line":90,"column":12},"end":{"line":92,"column":19}},{"start":{"line":93,"column":14},"end":{"line":93,"column":18}}],"line":89},"8":{"loc":{"start":{"line":159,"column":30},"end":{"line":159,"column":78}},"type":"binary-expr","locations":[{"start":{"line":159,"column":30},"end":{"line":159,"column":50}},{"start":{"line":159,"column":54},"end":{"line":159,"column":70}},{"start":{"line":159,"column":74},"end":{"line":159,"column":78}}],"line":159}},"s":{"0":0,"1":0,"2":0,"3":0,"4":0,"5":0,"6":0,"7":0,"8":0,"9":0,"10":0,"11":0,"12":0,"13":0,"14":0,"15":0,"16":0,"17":0,"18":0,"19":0,"20":0,"21":0,"22":0,"23":0,"24":0,"25":0,"26":0,"27":0,"28":0,"29":0,"30":0,"31":0,"32":0,"33":0,"34":0},"f":{"0":0,"1":0,"2":0,"3":0,"4":0,"5":0,"6":0,"7":0,"8":0,"9":0,"10":0,"11":0},"b":{"0":[0,0],"1":[0,0],"2":[0,0],"3":[0,0],"4":[0,0],"5":[0,0,0],"6":[0,0,0],"7":[0,0],"8":[0,0,0]}}
,"/Users/asands/Projects/DigiTimes/src/components/StoryPreviewDialog.tsx": {"path":"/Users/asands/Projects/DigiTimes/src/components/StoryPreviewDialog.tsx","statementMap":{"0":{"start":{"line":13,"column":22},"end":{"line":18,"column":1}},"1":{"start":{"line":14,"column":2},"end":{"line":17,"column":15}},"2":{"start":{"line":15,"column":20},"end":{"line":15,"column":58}},"3":{"start":{"line":16,"column":4},"end":{"line":16,"column":44}},"4":{"start":{"line":20,"column":27},"end":{"line":36,"column":1}},"5":{"start":{"line":21,"column":19},"end":{"line":21,"column":52}},"6":{"start":{"line":22,"column":23},"end":{"line":22,"column":59}},"7":{"start":{"line":23,"column":20},"end":{"line":23,"column":68}},"8":{"start":{"line":25,"column":19},"end":{"line":33,"column":4}},"9":{"start":{"line":35,"column":2},"end":{"line":35,"column":32}},"10":{"start":{"line":38,"column":26},"end":{"line":114,"column":1}},"11":{"start":{"line":39,"column":2},"end":{"line":41,"column":3}},"12":{"start":{"line":40,"column":4},"end":{"line":40,"column":60}},"13":{"start":{"line":43,"column":19},"end":{"line":43,"column":59}},"14":{"start":{"line":44,"column":14},"end":{"line":44,"column":62}},"15":{"start":{"line":45,"column":2},"end":{"line":47,"column":3}},"16":{"start":{"line":46,"column":4},"end":{"line":46,"column":75}},"17":{"start":{"line":49,"column":19},"end":{"line":49,"column":96}},"18":{"start":{"line":50,"column":14},"end":{"line":50,"column":26}},"19":{"start":{"line":52,"column":4},"end":{"line":54,"column":23}},"20":{"start":{"line":56,"column":4},"end":{"line":61,"column":8}},"21":{"start":{"line":58,"column":19},"end":{"line":58,"column":44}},"22":{"start":{"line":59,"column":6},"end":{"line":59,"column":51}},"23":{"start":{"line":60,"column":6},"end":{"line":60,"column":18}},"24":{"start":{"line":63,"column":4},"end":{"line":68,"column":8}},"25":{"start":{"line":65,"column":19},"end":{"line":65,"column":44}},"26":{"start":{"line":66,"column":6},"end":{"line":66,"column":31}},"27":{"start":{"line":67,"column":6},"end":{"line":67,"column":18}},"28":{"start":{"line":70,"column":2},"end":{"line":70,"column":24}},"29":{"start":{"line":71,"column":2},"end":{"line":71,"column":24}},"30":{"start":{"line":73,"column":2},"end":{"line":73,"column":39}},"31":{"start":{"line":75,"column":22},"end":{"line":75,"column":47}},"32":{"start":{"line":76,"column":2},"end":{"line":76,"column":47}},"33":{"start":{"line":77,"column":2},"end":{"line":77,"column":34}},"34":{"start":{"line":79,"column":24},"end":{"line":79,"column":49}},"35":{"start":{"line":80,"column":2},"end":{"line":80,"column":62}},"36":{"start":{"line":81,"column":2},"end":{"line":81,"column":51}},"37":{"start":{"line":82,"column":2},"end":{"line":82,"column":36}},"38":{"start":{"line":84,"column":23},"end":{"line":84,"column":48}},"39":{"start":{"line":85,"column":2},"end":{"line":85,"column":33}},"40":{"start":{"line":86,"column":2},"end":{"line":86,"column":62}},"41":{"start":{"line":87,"column":2},"end":{"line":87,"column":35}},"42":{"start":{"line":89,"column":2},"end":{"line":93,"column":3}},"43":{"start":{"line":90,"column":21},"end":{"line":90,"column":47}},"44":{"start":{"line":91,"column":4},"end":{"line":91,"column":40}},"45":{"start":{"line":92,"column":4},"end":{"line":92,"column":33}},"46":{"start":{"line":95,"column":15},"end":{"line":95,"column":39}},"47":{"start":{"line":96,"column":2},"end":{"line":96,"column":19}},"48":{"start":{"line":97,"column":2},"end":{"line":97,"column":27}},"49":{"start":{"line":99,"column":18},"end":{"line":99,"column":46}},"50":{"start":{"line":100,"column":2},"end":{"line":100,"column":31}},"51":{"start":{"line":102,"column":2},"end":{"line":110,"column":3}},"52":{"start":{"line":103,"column":20},"end":{"line":103,"column":51}},"53":{"start":{"line":104,"column":4},"end":{"line":109,"column":5}},"54":{"start":{"line":105,"column":18},"end":{"line":105,"column":42}},"55":{"start":{"line":106,"column":6},"end":{"line":106,"column":31}},"56":{"start":{"line":107,"column":6},"end":{"line":107,"column":19}},"57":{"start":{"line":108,"column":6},"end":{"line":108,"column":27}},"58":{"start":{"line":112,"column":2},"end":{"line":112,"column":28}},"59":{"start":{"line":113,"column":2},"end":{"line":113,"column":13}},"60":{"start":{"line":117,"column":2},"end":{"line":147,"column":34}},"61":{"start":{"line":118,"column":4},"end":{"line":120,"column":5}},"62":{"start":{"line":119,"column":6},"end":{"line":119,"column":13}},"63":{"start":{"line":122,"column":20},"end":{"line":122,"column":25}},"64":{"start":{"line":124,"column":20},"end":{"line":140,"column":5}},"65":{"start":{"line":125,"column":6},"end":{"line":139,"column":7}},"66":{"start":{"line":126,"column":20},"end":{"line":126,"column":50}},"67":{"start":{"line":127,"column":8},"end":{"line":129,"column":9}},"68":{"start":{"line":128,"column":10},"end":{"line":128,"column":22}},"69":{"start":{"line":131,"column":8},"end":{"line":131,"column":47}},"70":{"start":{"line":132,"column":8},"end":{"line":134,"column":9}},"71":{"start":{"line":133,"column":10},"end":{"line":133,"column":90}},"72":{"start":{"line":136,"column":8},"end":{"line":138,"column":9}},"73":{"start":{"line":137,"column":10},"end":{"line":137,"column":30}},"74":{"start":{"line":142,"column":4},"end":{"line":142,"column":19}},"75":{"start":{"line":144,"column":4},"end":{"line":146,"column":6}},"76":{"start":{"line":145,"column":6},"end":{"line":145,"column":23}},"77":{"start":{"line":149,"column":2},"end":{"line":149,"column":14}}},"fnMap":{"0":{"name":"(anonymous_0)","decl":{"start":{"line":13,"column":22},"end":{"line":13,"column":23}},"loc":{"start":{"line":13,"column":82},"end":{"line":18,"column":1}},"line":13},"1":{"name":"(anonymous_1)","decl":{"start":{"line":14,"column":45},"end":{"line":14,"column":46}},"loc":{"start":{"line":14,"column":73},"end":{"line":17,"column":3}},"line":14},"2":{"name":"(anonymous_2)","decl":{"start":{"line":20,"column":27},"end":{"line":20,"column":28}},"loc":{"start":{"line":20,"column":73},"end":{"line":36,"column":1}},"line":20},"3":{"name":"(anonymous_3)","decl":{"start":{"line":38,"column":26},"end":{"line":38,"column":27}},"loc":{"start":{"line":38,"column":56},"end":{"line":114,"column":1}},"line":38},"4":{"name":"(anonymous_4)","decl":{"start":{"line":57,"column":5},"end":{"line":57,"column":6}},"loc":{"start":{"line":57,"column":11},"end":{"line":61,"column":5}},"line":57},"5":{"name":"(anonymous_5)","decl":{"start":{"line":64,"column":5},"end":{"line":64,"column":6}},"loc":{"start":{"line":64,"column":11},"end":{"line":68,"column":5}},"line":64},"6":{"name":"StoryPreviewDialog","decl":{"start":{"line":116,"column":16},"end":{"line":116,"column":34}},"loc":{"start":{"line":116,"column":91},"end":{"line":150,"column":1}},"line":116},"7":{"name":"(anonymous_7)","decl":{"start":{"line":117,"column":12},"end":{"line":117,"column":13}},"loc":{"start":{"line":117,"column":18},"end":{"line":147,"column":3}},"line":117},"8":{"name":"(anonymous_8)","decl":{"start":{"line":124,"column":20},"end":{"line":124,"column":21}},"loc":{"start":{"line":124,"column":32},"end":{"line":140,"column":5}},"line":124},"9":{"name":"(anonymous_9)","decl":{"start":{"line":144,"column":11},"end":{"line":144,"column":12}},"loc":{"start":{"line":144,"column":17},"end":{"line":146,"column":5}},"line":144}},"branchMap":{"0":{"loc":{"start":{"line":21,"column":32},"end":{"line":21,"column":51}},"type":"binary-expr","locations":[{"start":{"line":21,"column":32},"end":{"line":21,"column":45}},{"start":{"line":21,"column":49},"end":{"line":21,"column":51}}],"line":21},"1":{"loc":{"start":{"line":22,"column":34},"end":{"line":22,"column":58}},"type":"binary-expr","locations":[{"start":{"line":22,"column":34},"end":{"line":22,"column":45}},{"start":{"line":22,"column":49},"end":{"line":22,"column":58}}],"line":22},"2":{"loc":{"start":{"line":23,"column":20},"end":{"line":23,"column":68}},"type":"cond-expr","locations":[{"start":{"line":23,"column":37},"end":{"line":23,"column":63}},{"start":{"line":23,"column":66},"end":{"line":23,"column":68}}],"line":23},"3":{"loc":{"start":{"line":39,"column":2},"end":{"line":41,"column":3}},"type":"if","locations":[{"start":{"line":39,"column":2},"end":{"line":41,"column":3}},{"start":{},"end":{}}],"line":39},"4":{"loc":{"start":{"line":45,"column":2},"end":{"line":47,"column":3}},"type":"if","locations":[{"start":{"line":45,"column":2},"end":{"line":47,"column":3}},{"start":{},"end":{}}],"line":45},"5":{"loc":{"start":{"line":49,"column":45},"end":{"line":49,"column":95}},"type":"binary-expr","locations":[{"start":{"line":49,"column":45},"end":{"line":49,"column":58}},{"start":{"line":49,"column":62},"end":{"line":49,"column":95}}],"line":49},"6":{"loc":{"start":{"line":52,"column":4},"end":{"line":54,"column":23}},"type":"binary-expr","locations":[{"start":{"line":52,"column":4},"end":{"line":52,"column":23}},{"start":{"line":53,"column":4},"end":{"line":53,"column":46}},{"start":{"line":54,"column":4},"end":{"line":54,"column":23}}],"line":52},"7":{"loc":{"start":{"line":56,"column":4},"end":{"line":61,"column":8}},"type":"binary-expr","locations":[{"start":{"line":56,"column":4},"end":{"line":56,"column":12}},{"start":{"line":57,"column":4},"end":{"line":61,"column":8}}],"line":56},"8":{"loc":{"start":{"line":63,"column":4},"end":{"line":68,"column":8}},"type":"binary-expr","locations":[{"start":{"line":63,"column":4},"end":{"line":63,"column":12}},{"start":{"line":64,"column":4},"end":{"line":68,"column":8}}],"line":63},"9":{"loc":{"start":{"line":73,"column":14},"end":{"line":73,"column":38}},"type":"binary-expr","locations":[{"start":{"line":73,"column":14},"end":{"line":73,"column":25}},{"start":{"line":73,"column":29},"end":{"line":73,"column":38}}],"line":73},"10":{"loc":{"start":{"line":89,"column":2},"end":{"line":93,"column":3}},"type":"if","locations":[{"start":{"line":89,"column":2},"end":{"line":93,"column":3}},{"start":{},"end":{}}],"line":89},"11":{"loc":{"start":{"line":102,"column":2},"end":{"line":110,"column":3}},"type":"if","locations":[{"start":{"line":102,"column":2},"end":{"line":110,"column":3}},{"start":{},"end":{}}],"line":102},"12":{"loc":{"start":{"line":104,"column":4},"end":{"line":109,"column":5}},"type":"if","locations":[{"start":{"line":104,"column":4},"end":{"line":109,"column":5}},{"start":{},"end":{}}],"line":104},"13":{"loc":{"start":{"line":118,"column":4},"end":{"line":120,"column":5}},"type":"if","locations":[{"start":{"line":118,"column":4},"end":{"line":120,"column":5}},{"start":{},"end":{}}],"line":118},"14":{"loc":{"start":{"line":118,"column":8},"end":{"line":118,"column":23}},"type":"binary-expr","locations":[{"start":{"line":118,"column":8},"end":{"line":118,"column":13}},{"start":{"line":118,"column":17},"end":{"line":118,"column":23}}],"line":118},"15":{"loc":{"start":{"line":127,"column":8},"end":{"line":129,"column":9}},"type":"if","locations":[{"start":{"line":127,"column":8},"end":{"line":129,"column":9}},{"start":{},"end":{}}],"line":127},"16":{"loc":{"start":{"line":127,"column":12},"end":{"line":127,"column":29}},"type":"binary-expr","locations":[{"start":{"line":127,"column":12},"end":{"line":127,"column":22}},{"start":{"line":127,"column":26},"end":{"line":127,"column":29}}],"line":127},"17":{"loc":{"start":{"line":132,"column":8},"end":{"line":134,"column":9}},"type":"if","locations":[{"start":{"line":132,"column":8},"end":{"line":134,"column":9}},{"start":{},"end":{}}],"line":132},"18":{"loc":{"start":{"line":133,"column":22},"end":{"line":133,"column":88}},"type":"cond-expr","locations":[{"start":{"line":133,"column":47},"end":{"line":133,"column":60}},{"start":{"line":133,"column":63},"end":{"line":133,"column":88}}],"line":133},"19":{"loc":{"start":{"line":136,"column":8},"end":{"line":138,"column":9}},"type":"if","locations":[{"start":{"line":136,"column":8},"end":{"line":138,"column":9}},{"start":{},"end":{}}],"line":136}},"s":{"0":2,"1":2,"2":14,"3":14,"4":2,"5":2,"6":2,"7":2,"8":2,"9":2,"10":2,"11":2,"12":0,"13":2,"14":2,"15":2,"16":0,"17":2,"18":2,"19":2,"20":2,"21":0,"22":0,"23":0,"24":2,"25":0,"26":0,"27":0,"28":2,"29":2,"30":2,"31":2,"32":2,"33":2,"34":2,"35":2,"36":2,"37":2,"38":2,"39":2,"40":2,"41":2,"42":2,"43":2,"44":2,"45":2,"46":2,"47":2,"48":2,"49":2,"50":2,"51":2,"52":2,"53":2,"54":1,"55":1,"56":1,"57":1,"58":2,"59":2,"60":3,"61":3,"62":1,"63":2,"64":2,"65":2,"66":2,"67":2,"68":2,"69":0,"70":0,"71":0,"72":2,"73":2,"74":2,"75":2,"76":2,"77":3},"f":{"0":2,"1":14,"2":2,"3":2,"4":0,"5":0,"6":3,"7":3,"8":2,"9":2},"b":{"0":[2,0],"1":[2,0],"2":[2,0],"3":[0,2],"4":[0,2],"5":[2,0],"6":[2,0,0],"7":[2,0],"8":[2,0],"9":[2,0],"10":[2,0],"11":[2,0],"12":[1,1],"13":[1,2],"14":[3,2],"15":[2,0],"16":[2,2],"17":[0,0],"18":[0,0],"19":[2,0]},"_coverageSchema":"1a1c01bbd47fc00a2c39e90264f33305004495a9","hash":"a70285e8ec54c7e4adf3b98cf9054c6e40ef49f3"}
,"/Users/asands/Projects/DigiTimes/src/components/TemplateCard.tsx": {"path":"/Users/asands/Projects/DigiTimes/src/components/TemplateCard.tsx","statementMap":{"0":{"start":{"line":14,"column":40},"end":{"line":14,"column":55}},"1":{"start":{"line":16,"column":2},"end":{"line":62,"column":4}},"2":{"start":{"line":45,"column":27},"end":{"line":45,"column":47}}},"fnMap":{"0":{"name":"TemplateCard","decl":{"start":{"line":13,"column":16},"end":{"line":13,"column":28}},"loc":{"start":{"line":13,"column":62},"end":{"line":63,"column":1}},"line":13},"1":{"name":"(anonymous_1)","decl":{"start":{"line":45,"column":21},"end":{"line":45,"column":22}},"loc":{"start":{"line":45,"column":27},"end":{"line":45,"column":47}},"line":45}},"branchMap":{"0":{"loc":{"start":{"line":20,"column":11},"end":{"line":24,"column":18}},"type":"cond-expr","locations":[{"start":{"line":21,"column":12},"end":{"line":23,"column":19}},{"start":{"line":24,"column":14},"end":{"line":24,"column":18}}],"line":20}},"s":{"0":0,"1":0,"2":0},"f":{"0":0,"1":0},"b":{"0":[0,0]}}
,"/Users/asands/Projects/DigiTimes/src/components/TemplateDetailsDialog.tsx": {"path":"/Users/asands/Projects/DigiTimes/src/components/TemplateDetailsDialog.tsx","statementMap":{"0":{"start":{"line":25,"column":2},"end":{"line":83,"column":4}},"1":{"start":{"line":76,"column":51},"end":{"line":76,"column":70}}},"fnMap":{"0":{"name":"TemplateDetailsDialog","decl":{"start":{"line":20,"column":16},"end":{"line":20,"column":37}},"loc":{"start":{"line":24,"column":31},"end":{"line":84,"column":1}},"line":24},"1":{"name":"(anonymous_1)","decl":{"start":{"line":76,"column":45},"end":{"line":76,"column":46}},"loc":{"start":{"line":76,"column":51},"end":{"line":76,"column":70}},"line":76}},"branchMap":{},"s":{"0":0,"1":0},"f":{"0":0,"1":0},"b":{}}
[...]
,"/Users/asands/Projects/DigiTimes/src/lib/templates.ts": {"path":"/Users/asands/Projects/DigiTimes/src/lib/templates.ts","statementMap":{"0":{"start":{"line":13,"column":42},"end":{"line":17,"column":19}},"1":{"start":{"line":18,"column":2},"end":{"line":18,"column":27}},"2":{"start":{"line":18,"column":14},"end":{"line":18,"column":27}},"3":{"start":{"line":20,"column":41},"end":{"line":24,"column":19}},"4":{"start":{"line":25,"column":2},"end":{"line":25,"column":29}},"5":{"start":{"line":25,"column":15},"end":{"line":25,"column":29}},"6":{"start":{"line":27,"column":2},"end":{"line":27,"column":46}},"7":{"start":{"line":31,"column":26},"end":{"line":35,"column":13}},"8":{"start":{"line":36,"column":2},"end":{"line":36,"column":25}},"9":{"start":{"line":36,"column":13},"end":{"line":36,"column":25}},"10":{"start":{"line":37,"column":2},"end":{"line":37,"column":29}}},"fnMap":{"0":{"name":"fetchAllTemplates","decl":{"start":{"line":12,"column":22},"end":{"line":12,"column":39}},"loc":{"start":{"line":12,"column":66},"end":{"line":28,"column":1}},"line":12},"1":{"name":"getTemplateById","decl":{"start":{"line":30,"column":22},"end":{"line":30,"column":37}},"loc":{"start":{"line":30,"column":72},"end":{"line":38,"column":1}},"line":30}},"branchMap":{"0":{"loc":{"start":{"line":18,"column":2},"end":{"line":18,"column":27}},"type":"if","locations":[{"start":{"line":18,"column":2},"end":{"line":18,"column":27}},{"start":{},"end":{}}],"line":18},"1":{"loc":{"start":{"line":25,"column":2},"end":{"line":25,"column":29}},"type":"if","locations":[{"start":{"line":25,"column":2},"end":{"line":25,"column":29}},{"start":{},"end":{}}],"line":25},"2":{"loc":{"start":{"line":27,"column":14},"end":{"line":27,"column":26}},"type":"binary-expr","locations":[{"start":{"line":27,"column":14},"end":{"line":27,"column":20}},{"start":{"line":27,"column":24},"end":{"line":27,"column":26}}],"line":27},"3":{"loc":{"start":{"line":27,"column":33},"end":{"line":27,"column":43}},"type":"binary-expr","locations":[{"start":{"line":27,"column":33},"end":{"line":27,"column":37}},{"start":{"line":27,"column":41},"end":{"line":27,"column":43}}],"line":27},"4":{"loc":{"start":{"line":36,"column":2},"end":{"line":36,"column":25}},"type":"if","locations":[{"start":{"line":36,"column":2},"end":{"line":36,"column":25}},{"start":{},"end":{}}],"line":36}},"s":{"0":0,"1":0,"2":0,"3":0,"4":0,"5":0,"6":0,"7":0,"8":0,"9":0,"10":0},"f":{"0":0,"1":0},"b":{"0":[0,0],"1":[0,0],"2":[0,0],"3":[0,0],"4":[0,0]}}
,"/Users/asands/Projects/DigiTimes/src/test/setupBrowserMocks.ts": {"path":"/Users/asands/Projects/DigiTimes/src/test/setupBrowserMocks.ts","statementMap":{"0":{"start":{"line":5,"column":25},"end":{"line":5,"column":52}},"1":{"start":{"line":8,"column":2},"end":{"line":10,"column":3}},"2":{"start":{"line":9,"column":4},"end":{"line":9,"column":29}},"3":{"start":{"line":12,"column":17},"end":{"line":15,"column":3}},"4":{"start":{"line":17,"column":2},"end":{"line":17,"column":60}},"5":{"start":{"line":17,"column":41},"end":{"line":17,"column":58}},"6":{"start":{"line":18,"column":2},"end":{"line":18,"column":37}},"7":{"start":{"line":21,"column":68},"end":{"line":21,"column":72}},"8":{"start":{"line":22,"column":69},"end":{"line":22,"column":73}},"9":{"start":{"line":25,"column":6},"end":{"line":31,"column":12}},"10":{"start":{"line":26,"column":8},"end":{"line":30,"column":9}},"11":{"start":{"line":27,"column":10},"end":{"line":29,"column":53}},"12":{"start":{"line":43,"column":2},"end":{"line":43,"column":46}},"13":{"start":{"line":47,"column":2},"end":{"line":47,"column":23}},"14":{"start":{"line":51,"column":2},"end":{"line":51,"column":22}},"15":{"start":{"line":53,"column":2},"end":{"line":53,"column":26}},"16":{"start":{"line":57,"column":2},"end":{"line":57,"column":23}}},"fnMap":{"0":{"name":"mockBrowserFilePipeline","decl":{"start":{"line":7,"column":16},"end":{"line":7,"column":39}},"loc":{"start":{"line":7,"column":48},"end":{"line":44,"column":1}},"line":7},"1":{"name":"(anonymous_1)","decl":{"start":{"line":17,"column":35},"end":{"line":17,"column":36}},"loc":{"start":{"line":17,"column":41},"end":{"line":17,"column":58}},"line":17},"2":{"name":"(anonymous_2)","decl":{"start":{"line":24,"column":4},"end":{"line":24,"column":5}},"loc":{"start":{"line":24,"column":26},"end":{"line":32,"column":5}},"line":24},"3":{"name":"(anonymous_3)","decl":{"start":{"line":25,"column":17},"end":{"line":25,"column":18}},"loc":{"start":{"line":25,"column":23},"end":{"line":31,"column":7}},"line":25},"4":{"name":"(anonymous_4)","decl":{"start":{"line":34,"column":4},"end":{"line":34,"column":5}},"loc":{"start":{"line":34,"column":29},"end":{"line":36,"column":5}},"line":34},"5":{"name":"(anonymous_5)","decl":{"start":{"line":38,"column":4},"end":{"line":38,"column":5}},"loc":{"start":{"line":38,"column":32},"end":{"line":40,"column":5}},"line":38},"6":{"name":"useFakeTimers","decl":{"start":{"line":46,"column":16},"end":{"line":46,"column":29}},"loc":{"start":{"line":46,"column":38},"end":{"line":48,"column":1}},"line":46},"7":{"name":"runAllTimersAndMicrotasks","decl":{"start":{"line":50,"column":22},"end":{"line":50,"column":47}},"loc":{"start":{"line":50,"column":65},"end":{"line":54,"column":1}},"line":50},"8":{"name":"useRealTimers","decl":{"start":{"line":56,"column":16},"end":{"line":56,"column":29}},"loc":{"start":{"line":56,"column":38},"end":{"line":58,"column":1}},"line":56}},"branchMap":{"0":{"loc":{"start":{"line":8,"column":2},"end":{"line":10,"column":3}},"type":"if","locations":[{"start":{"line":8,"column":2},"end":{"line":10,"column":3}},{"start":{},"end":{}}],"line":8},"1":{"loc":{"start":{"line":26,"column":8},"end":{"line":30,"column":9}},"type":"if","locations":[{"start":{"line":26,"column":8},"end":{"line":30,"column":9}},{"start":{},"end":{}}],"line":26}},"s":{"0":7,"1":7,"2":0,"3":7,"4":7,"5":0,"6":7,"7":1,"8":1,"9":1,"10":1,"11":1,"12":7,"13":0,"14":0,"15":0,"16":0},"f":{"0":7,"1":0,"2":1,"3":1,"4":0,"5":0,"6":0,"7":0,"8":0},"b":{"0":[0,7],"1":[1,0]},"_coverageSchema":"1a1c01bbd47fc00a2c39e90264f33305004495a9","hash":"252699c3a87af048b13a30b24bfbcd080d03523b"}
,"/Users/asands/Projects/DigiTimes/src/types/story.ts": {"path":"/Users/asands/Projects/DigiTimes/src/types/story.ts","statementMap":{},"fnMap":{},"branchMap":{},"s":{},"f":{},"b":{}}
,"/Users/asands/Projects/DigiTimes/src/types/template.ts": {"path":"/Users/asands/Projects/DigiTimes/src/types/template.ts","statementMap":{},"fnMap":{},"branchMap":{},"s":{},"f":{},"b":{}}
,"/Users/asands/Projects/DigiTimes/src/utils/cn.ts": {"path":"/Users/asands/Projects/DigiTimes/src/utils/cn.ts","statementMap":{"0":{"start":{"line":4,"column":28},"end":{"line":4,"column":30}},"1":{"start":{"line":6,"column":2},"end":{"line":17,"column":5}},"2":{"start":{"line":7,"column":4},"end":{"line":9,"column":5}},"3":{"start":{"line":8,"column":6},"end":{"line":8,"column":13}},"4":{"start":{"line":11,"column":4},"end":{"line":14,"column":5}},"5":{"start":{"line":12,"column":6},"end":{"line":12,"column":33}},"6":{"start":{"line":13,"column":6},"end":{"line":13,"column":13}},"7":{"start":{"line":16,"column":4},"end":{"line":16,"column":24}},"8":{"start":{"line":19,"column":2},"end":{"line":19,"column":43}}},"fnMap":{"0":{"name":"cn","decl":{"start":{"line":3,"column":16},"end":{"line":3,"column":18}},"loc":{"start":{"line":3,"column":44},"end":{"line":20,"column":1}},"line":3},"1":{"name":"(anonymous_1)","decl":{"start":{"line":6,"column":17},"end":{"line":6,"column":18}},"loc":{"start":{"line":6,"column":28},"end":{"line":17,"column":3}},"line":6}},"branchMap":{"0":{"loc":{"start":{"line":7,"column":4},"end":{"line":9,"column":5}},"type":"if","locations":[{"start":{"line":7,"column":4},"end":{"line":9,"column":5}},{"start":{},"end":{}}],"line":7},"1":{"loc":{"start":{"line":11,"column":4},"end":{"line":14,"column":5}},"type":"if","locations":[{"start":{"line":11,"column":4},"end":{"line":14,"column":5}},{"start":{},"end":{}}],"line":11}},"s":{"0":54,"1":54,"2":178,"3":76,"4":102,"5":0,"6":0,"7":102,"8":54},"f":{"0":54,"1":178},"b":{"0":[76,102],"1":[0,102]},"_coverageSchema":"1a1c01bbd47fc00a2c39e90264f33305004495a9","hash":"736f6eaf95de18656fd01e475947fe3826382a01"}
,"/Users/asands/Projects/DigiTimes/src/utils/sanitizeHtml.ts": {"path":"/Users/asands/Projects/DigiTimes/src/utils/sanitizeHtml.ts","statementMap":{"0":{"start":{"line":3,"column":29},"end":{"line":30,"column":1}},"1":{"start":{"line":32,"column":29},"end":{"line":32,"column":97}},"2":{"start":{"line":34,"column":26},"end":{"line":40,"column":28}},"3":{"start":{"line":35,"column":2},"end":{"line":40,"column":28}},"4":{"start":{"line":42,"column":28},"end":{"line":64,"column":1}},"5":{"start":{"line":46,"column":2},"end":{"line":48,"column":3}},"6":{"start":{"line":47,"column":4},"end":{"line":47,"column":14}},"7":{"start":{"line":50,"column":2},"end":{"line":63,"column":3}},"8":{"start":{"line":51,"column":4},"end":{"line":53,"column":5}},"9":{"start":{"line":52,"column":6},"end":{"line":52,"column":31}},"10":{"start":{"line":55,"column":4},"end":{"line":59,"column":7}},"11":{"start":{"line":62,"column":4},"end":{"line":62,"column":29}},"12":{"start":{"line":66,"column":24},"end":{"line":66,"column":36}}},"fnMap":{"0":{"name":"(anonymous_0)","decl":{"start":{"line":34,"column":26},"end":{"line":34,"column":27}},"loc":{"start":{"line":35,"column":2},"end":{"line":40,"column":28}},"line":35},"1":{"name":"(anonymous_1)","decl":{"start":{"line":42,"column":28},"end":{"line":42,"column":29}},"loc":{"start":{"line":45,"column":13},"end":{"line":64,"column":1}},"line":45}},"branchMap":{"0":{"loc":{"start":{"line":44,"column":2},"end":{"line":44,"column":32}},"type":"default-arg","locations":[{"start":{"line":44,"column":30},"end":{"line":44,"column":32}}],"line":44},"1":{"loc":{"start":{"line":46,"column":2},"end":{"line":48,"column":3}},"type":"if","locations":[{"start":{"line":46,"column":2},"end":{"line":48,"column":3}},{"start":{},"end":{}}],"line":46},"2":{"loc":{"start":{"line":51,"column":4},"end":{"line":53,"column":5}},"type":"if","locations":[{"start":{"line":51,"column":4},"end":{"line":53,"column":5}},{"start":{},"end":{}}],"line":51}},"s":{"0":3,"1":3,"2":3,"3":11,"4":3,"5":4,"6":0,"7":4,"8":4,"9":0,"10":4,"11":0,"12":3},"f":{"0":11,"1":4},"b":{"0":[4],"1":[0,4],"2":[0,4]},"_coverageSchema":"1a1c01bbd47fc00a2c39e90264f33305004495a9","hash":"dac8b79f455827925ce27a4779e69f8a6b9feb3a"}
,"/Users/asands/Projects/DigiTimes/src/utils/storyGenerator.ts": {"path":"/Users/asands/Projects/DigiTimes/src/utils/storyGenerator.ts","statementMap":{"0":{"start":{"line":31,"column":38},"end":{"line":233,"column":1}},"1":{"start":{"line":235,"column":15},"end":{"line":248,"column":1}},"2":{"start":{"line":250,"column":22},"end":{"line":255,"column":1}},"3":{"start":{"line":257,"column":17},"end":{"line":261,"column":11}},"4":{"start":{"line":258,"column":2},"end":{"line":261,"column":11}},"5":{"start":{"line":263,"column":20},"end":{"line":269,"column":14}},"6":{"start":{"line":264,"column":2},"end":{"line":269,"column":14}},"7":{"start":{"line":268,"column":19},"end":{"line":268,"column":63}},"8":{"start":{"line":271,"column":23},"end":{"line":278,"column":1}},"9":{"start":{"line":272,"column":2},"end":{"line":274,"column":3}},"10":{"start":{"line":273,"column":4},"end":{"line":273,"column":14}},"11":{"start":{"line":275,"column":21},"end":{"line":275,"column":33}},"12":{"start":{"line":276,"column":20},"end":{"line":276,"column":54}},"13":{"start":{"line":277,"column":2},"end":{"line":277,"column":46}},"14":{"start":{"line":280,"column":22},"end":{"line":288,"column":1}},"15":{"start":{"line":281,"column":18},"end":{"line":281,"column":36}},"16":{"start":{"line":282,"column":2},"end":{"line":286,"column":3}},"17":{"start":{"line":283,"column":4},"end":{"line":285,"column":5}},"18":{"start":{"line":283,"column":43},"end":{"line":283,"column":68}},"19":{"start":{"line":284,"column":6},"end":{"line":284,"column":21}},"20":{"start":{"line":287,"column":2},"end":{"line":287,"column":70}},"21":{"start":{"line":287,"column":41},"end":{"line":287,"column":67}},"22":{"start":{"line":290,"column":20},"end":{"line":298,"column":1}},"23":{"start":{"line":291,"column":15},"end":{"line":291,"column":38}},"24":{"start":{"line":292,"column":13},"end":{"line":292,"column":14}},"25":{"start":{"line":293,"column":2},"end":{"line":296,"column":3}},"26":{"start":{"line":293,"column":15},"end":{"line":293,"column":16}},"27":{"start":{"line":294,"column":4},"end":{"line":294,"column":51}},"28":{"start":{"line":295,"column":4},"end":{"line":295,"column":14}},"29":{"start":{"line":297,"column":2},"end":{"line":297,"column":24}},"30":{"start":{"line":300,"column":13},"end":{"line":301,"column":39}},"31":{"start":{"line":301,"column":2},"end":{"line":301,"column":39}},"32":{"start":{"line":303,"column":19},"end":{"line":308,"column":1}},"33":{"start":{"line":304,"column":16},"end":{"line":304,"column":40}},"34":{"start":{"line":305,"column":14},"end":{"line":305,"column":29}},"35":{"start":{"line":306,"column":15},"end":{"line":306,"column":34}},"36":{"start":{"line":307,"column":2},"end":{"line":307,"column":36}},"37":{"start":{"line":310,"column":31},"end":{"line":362,"column":1}},"38":{"start":{"line":313,"column":17},"end":{"line":313,"column":67}},"39":{"start":{"line":315,"column":4},"end":{"line":315,"column":74}},"40":{"start":{"line":316,"column":26},"end":{"line":316,"column":44}},"41":{"start":{"line":317,"column":15},"end":{"line":317,"column":44}},"42":{"start":{"line":318,"column":18},"end":{"line":318,"column":39}},"43":{"start":{"line":319,"column":18},"end":{"line":325,"column":3}},"44":{"start":{"line":326,"column":23},"end":{"line":328,"column":3}},"45":{"start":{"line":330,"column":16},"end":{"line":330,"column":44}},"46":{"start":{"line":331,"column":27},"end":{"line":331,"column":58}},"47":{"start":{"line":332,"column":30},"end":{"line":332,"column":64}},"48":{"start":{"line":333,"column":17},"end":{"line":333,"column":47}},"49":{"start":{"line":334,"column":22},"end":{"line":334,"column":57}},"50":{"start":{"line":335,"column":18},"end":{"line":335,"column":49}},"51":{"start":{"line":336,"column":16},"end":{"line":336,"column":45}},"52":{"start":{"line":337,"column":19},"end":{"line":337,"column":51}},"53":{"start":{"line":338,"column":17},"end":{"line":338,"column":45}},"54":{"start":{"line":340,"column":21},"end":{"line":340,"column":53}},"55":{"start":{"line":341,"column":19},"end":{"line":341,"column":74}},"56":{"start":{"line":343,"column":19},"end":{"line":346,"column":43}},"57":{"start":{"line":348,"column":22},"end":{"line":351,"column":30}},"58":{"start":{"line":353,"column":2},"end":{"line":361,"column":4}}},"fnMap":{"0":{"name":"(anonymous_0)","decl":{"start":{"line":257,"column":17},"end":{"line":257,"column":18}},"loc":{"start":{"line":258,"column":2},"end":{"line":261,"column":11}},"line":258},"1":{"name":"(anonymous_1)","decl":{"start":{"line":263,"column":20},"end":{"line":263,"column":21}},"loc":{"start":{"line":264,"column":2},"end":{"line":269,"column":14}},"line":264},"2":{"name":"(anonymous_2)","decl":{"start":{"line":268,"column":9},"end":{"line":268,"column":10}},"loc":{"start":{"line":268,"column":19},"end":{"line":268,"column":63}},"line":268},"3":{"name":"(anonymous_3)","decl":{"start":{"line":271,"column":23},"end":{"line":271,"column":24}},"loc":{"start":{"line":271,"column":42},"end":{"line":278,"column":1}},"line":271},"4":{"name":"(anonymous_4)","decl":{"start":{"line":280,"column":22},"end":{"line":280,"column":23}},"loc":{"start":{"line":280,"column":54},"end":{"line":288,"column":1}},"line":280},"5":{"name":"(anonymous_5)","decl":{"start":{"line":283,"column":30},"end":{"line":283,"column":31}},"loc":{"start":{"line":283,"column":43},"end":{"line":283,"column":68}},"line":283},"6":{"name":"(anonymous_6)","decl":{"start":{"line":287,"column":28},"end":{"line":287,"column":29}},"loc":{"start":{"line":287,"column":41},"end":{"line":287,"column":67}},"line":287},"7":{"name":"(anonymous_7)","decl":{"start":{"line":290,"column":20},"end":{"line":290,"column":21}},"loc":{"start":{"line":290,"column":58},"end":{"line":298,"column":1}},"line":290},"8":{"name":"(anonymous_8)","decl":{"start":{"line":300,"column":13},"end":{"line":300,"column":14}},"loc":{"start":{"line":301,"column":2},"end":{"line":301,"column":39}},"line":301},"9":{"name":"(anonymous_9)","decl":{"start":{"line":303,"column":19},"end":{"line":303,"column":20}},"loc":{"start":{"line":303,"column":36},"end":{"line":308,"column":1}},"line":303},"10":{"name":"(anonymous_10)","decl":{"start":{"line":310,"column":31},"end":{"line":310,"column":32}},"loc":{"start":{"line":312,"column":23},"end":{"line":362,"column":1}},"line":312}},"branchMap":{"0":{"loc":{"start":{"line":258,"column":3},"end":{"line":258,"column":14}},"type":"binary-expr","locations":[{"start":{"line":258,"column":3},"end":{"line":258,"column":8}},{"start":{"line":258,"column":12},"end":{"line":258,"column":14}}],"line":258},"1":{"loc":{"start":{"line":272,"column":2},"end":{"line":274,"column":3}},"type":"if","locations":[{"start":{"line":272,"column":2},"end":{"line":274,"column":3}},{"start":{},"end":{}}],"line":272},"2":{"loc":{"start":{"line":283,"column":4},"end":{"line":285,"column":5}},"type":"if","locations":[{"start":{"line":283,"column":4},"end":{"line":285,"column":5}},{"start":{},"end":{}}],"line":283},"3":{"loc":{"start":{"line":313,"column":17},"end":{"line":313,"column":67}},"type":"binary-expr","locations":[{"start":{"line":313,"column":17},"end":{"line":313,"column":41}},{"start":{"line":313,"column":45},"end":{"line":313,"column":67}}],"line":313},"4":{"loc":{"start":{"line":315,"column":4},"end":{"line":315,"column":74}},"type":"binary-expr","locations":[{"start":{"line":315,"column":4},"end":{"line":315,"column":55}},{"start":{"line":315,"column":59},"end":{"line":315,"column":74}}],"line":315},"5":{"loc":{"start":{"line":316,"column":26},"end":{"line":316,"column":44}},"type":"binary-expr","locations":[{"start":{"line":316,"column":26},"end":{"line":316,"column":32}},{"start":{"line":316,"column":36},"end":{"line":316,"column":44}}],"line":316},"6":{"loc":{"start":{"line":320,"column":4},"end":{"line":324,"column":35}},"type":"binary-expr","locations":[{"start":{"line":320,"column":4},"end":{"line":324,"column":13}},{"start":{"line":324,"column":17},"end":{"line":324,"column":35}}],"line":320},"7":{"loc":{"start":{"line":340,"column":21},"end":{"line":340,"column":53}},"type":"binary-expr","locations":[{"start":{"line":340,"column":21},"end":{"line":340,"column":39}},{"start":{"line":340,"column":43},"end":{"line":340,"column":53}}],"line":340}},"s":{"0":1,"1":1,"2":1,"3":1,"4":6,"5":1,"6":6,"7":19,"8":1,"9":3,"10":0,"11":3,"12":3,"13":3,"14":1,"15":3,"16":3,"17":3,"18":3,"19":3,"20":0,"21":0,"22":1,"23":3,"24":3,"25":3,"26":3,"27":165,"28":165,"29":3,"30":1,"31":27,"32":1,"33":3,"34":3,"35":3,"36":3,"37":1,"38":3,"39":3,"40":3,"41":3,"42":3,"43":3,"44":3,"45":3,"46":3,"47":3,"48":3,"49":3,"50":3,"51":3,"52":3,"53":3,"54":3,"55":3,"56":3,"57":3,"58":3},"f":{"0":6,"1":6,"2":19,"3":3,"4":3,"5":3,"6":0,"7":3,"8":27,"9":3,"10":3},"b":{"0":[6,0],"1":[0,3],"2":[3,0],"3":[3,0],"4":[3,0],"5":[3,0],"6":[3,0],"7":[3,0]},"_coverageSchema":"1a1c01bbd47fc00a2c39e90264f33305004495a9","hash":"67048f6562b197a9750ad05d4464a99f890a85c2"}
}
