TN:
SF:src/App.tsx
FN:9,App
FN:14,(anonymous_1)
FN:27,(anonymous_2)
FN:36,(anonymous_3)
FN:43,(anonymous_4)
FN:50,(anonymous_5)
FNF:6
FNH:0
FNDA:0,App
FNDA:0,(anonymous_1)
FNDA:0,(anonymous_2)
FNDA:0,(anonymous_3)
FNDA:0,(anonymous_4)
FNDA:0,(anonymous_5)
DA:10,0
DA:11,0
DA:12,0
DA:14,0
DA:15,0
DA:16,0
DA:17,0
DA:18,0
DA:20,0
DA:21,0
DA:23,0
DA:27,0
DA:28,0
DA:31,0
DA:37,0
DA:43,0
DA:51,0
DA:52,0
LF:18
LH:0
BRDA:51,0,0,0
BRDA:51,0,1,0
BRF:2
BRH:0
end_of_record
TN:
SF:src/index.tsx
FNF:0
FNH:0
DA:8,0
DA:10,0
DA:11,0
DA:14,0
DA:16,0
LF:5
LH:0
BRDA:10,0,0,0
BRDA:10,0,1,0
BRF:2
BRH:0
end_of_record
TN:
SF:src/components/CreateGroupDialog.tsx
FN:56,findShellHandler
FN:80,createGroupThroughHostOrFallback
FN:95,CreateGroupDialog
FN:105,(anonymous_3)
FN:120,(anonymous_4)
FN:128,(anonymous_5)
FN:149,(anonymous_6)
FN:201,(anonymous_7)
FN:216,(anonymous_8)
FNF:9
FNH:0
FNDA:0,findShellHandler
FNDA:0,createGroupThroughHostOrFallback
FNDA:0,CreateGroupDialog
FNDA:0,(anonymous_3)
FNDA:0,(anonymous_4)
FNDA:0,(anonymous_5)
FNDA:0,(anonymous_6)
FNDA:0,(anonymous_7)
FNDA:0,(anonymous_8)
DA:48,0
DA:57,0
DA:58,0
DA:62,0
DA:63,0
DA:69,0
DA:73,0
DA:74,0
DA:77,0
DA:81,0
DA:82,0
DA:85,0
DA:87,0
DA:88,0
DA:91,0
DA:92,0
DA:100,0
DA:101,0
DA:102,0
DA:103,0
DA:105,0
DA:106,0
DA:107,0
DA:110,0
DA:112,0
DA:113,0
DA:120,0
DA:121,0
DA:122,0
DA:123,0
DA:124,0
DA:125,0
DA:128,0
DA:129,0
DA:133,0
DA:134,0
DA:136,0
DA:137,0
DA:146,0
DA:149,0
DA:150,0
DA:152,0
DA:153,0
DA:155,0
DA:156,0
DA:159,0
DA:160,0
DA:162,0
DA:163,0
DA:164,0
DA:165,0
DA:167,0
DA:168,0
DA:173,0
DA:177,0
DA:201,0
DA:216,0
LF:57
LH:0
BRDA:62,0,0,0
BRDA:62,0,1,0
BRDA:62,1,0,0
BRDA:62,1,1,0
BRDA:73,2,0,0
BRDA:73,2,1,0
BRDA:81,3,0,0
BRDA:81,3,1,0
BRDA:87,4,0,0
BRDA:87,4,1,0
BRDA:106,5,0,0
BRDA:106,5,1,0
BRDA:106,6,0,0
BRDA:106,6,1,0
BRDA:112,7,0,0
BRDA:112,7,1,0
BRDA:112,8,0,0
BRDA:112,8,1,0
BRDA:129,9,0,0
BRDA:129,9,1,0
BRDA:133,10,0,0
BRDA:133,10,1,0
BRDA:155,11,0,0
BRDA:155,11,1,0
BRDA:169,12,0,0
BRDA:169,12,1,0
BRDA:189,13,0,0
BRDA:189,13,1,0
BRDA:233,14,0,0
BRDA:233,14,1,0
BRDA:234,15,0,0
BRDA:234,15,1,0
BRF:32
BRH:0
end_of_record
TN:
SF:src/components/EventBuilder.tsx
FN:46,(anonymous_0)
FN:51,(anonymous_1)
FN:59,(anonymous_2)
FN:60,(anonymous_3)
FN:62,(anonymous_4)
FN:63,(anonymous_5)
FN:67,(anonymous_6)
FN:75,(anonymous_7)
FN:101,(anonymous_8)
FN:108,EventBuilder
FN:117,(anonymous_10)
FN:128,(anonymous_11)
FN:161,(anonymous_12)
FN:168,(anonymous_13)
FN:173,(anonymous_14)
FN:174,(anonymous_15)
FN:178,(anonymous_16)
FN:178,(anonymous_17)
FN:179,(anonymous_18)
FN:184,(anonymous_19)
FN:189,(anonymous_20)
FN:195,(anonymous_21)
FN:202,(anonymous_22)
FN:207,(anonymous_23)
FN:208,(anonymous_24)
FN:209,(anonymous_25)
FN:213,(anonymous_26)
FN:217,(anonymous_27)
FN:218,(anonymous_28)
FN:222,(anonymous_29)
FN:223,(anonymous_30)
FN:224,(anonymous_31)
FN:237,(anonymous_32)
FN:243,(anonymous_33)
FN:244,(anonymous_34)
FN:253,(anonymous_35)
FN:254,(anonymous_36)
FN:265,(anonymous_37)
FN:266,(anonymous_38)
FN:278,(anonymous_39)
FN:279,(anonymous_40)
FN:280,(anonymous_41)
FN:296,(anonymous_42)
FN:297,(anonymous_43)
FN:347,(anonymous_44)
FN:349,(anonymous_45)
FN:377,(anonymous_46)
FN:411,(anonymous_47)
FN:454,(anonymous_48)
FN:478,(anonymous_49)
FN:486,(anonymous_50)
FN:517,(anonymous_51)
FN:558,(anonymous_52)
FN:563,(anonymous_53)
FN:573,(anonymous_54)
FN:583,(anonymous_55)
FNF:56
FNH:39
FNDA:1,(anonymous_0)
FNDA:1,(anonymous_1)
FNDA:1,(anonymous_2)
FNDA:1,(anonymous_3)
FNDA:1,(anonymous_4)
FNDA:0,(anonymous_5)
FNDA:2,(anonymous_6)
FNDA:1,(anonymous_7)
FNDA:1,(anonymous_8)
FNDA:18,EventBuilder
FNDA:1,(anonymous_10)
FNDA:1,(anonymous_11)
FNDA:1,(anonymous_12)
FNDA:1,(anonymous_13)
FNDA:4,(anonymous_14)
FNDA:2,(anonymous_15)
FNDA:1,(anonymous_16)
FNDA:1,(anonymous_17)
FNDA:0,(anonymous_18)
FNDA:1,(anonymous_19)
FNDA:0,(anonymous_20)
FNDA:0,(anonymous_21)
FNDA:0,(anonymous_22)
FNDA:1,(anonymous_23)
FNDA:1,(anonymous_24)
FNDA:1,(anonymous_25)
FNDA:1,(anonymous_26)
FNDA:0,(anonymous_27)
FNDA:0,(anonymous_28)
FNDA:0,(anonymous_29)
FNDA:0,(anonymous_30)
FNDA:0,(anonymous_31)
FNDA:0,(anonymous_32)
FNDA:0,(anonymous_33)
FNDA:0,(anonymous_34)
FNDA:1,(anonymous_35)
FNDA:1,(anonymous_36)
FNDA:1,(anonymous_37)
FNDA:1,(anonymous_38)
FNDA:1,(anonymous_39)
FNDA:1,(anonymous_40)
FNDA:1,(anonymous_41)
FNDA:1,(anonymous_42)
FNDA:1,(anonymous_43)
FNDA:4,(anonymous_44)
FNDA:2,(anonymous_45)
FNDA:13,(anonymous_46)
FNDA:0,(anonymous_47)
FNDA:3,(anonymous_48)
FNDA:0,(anonymous_49)
FNDA:1,(anonymous_50)
FNDA:0,(anonymous_51)
FNDA:4,(anonymous_52)
FNDA:2,(anonymous_53)
FNDA:1,(anonymous_54)
FNDA:0,(anonymous_55)
DA:29,1
DA:46,1
DA:47,1
DA:49,1
DA:51,1
DA:52,1
DA:53,1
DA:54,1
DA:56,0
DA:59,1
DA:60,1
DA:61,1
DA:62,1
DA:63,1
DA:64,1
DA:67,1
DA:68,2
DA:69,2
DA:70,0
DA:72,2
DA:75,1
DA:76,1
DA:96,1
DA:97,1
DA:99,1
DA:101,1
DA:105,1
DA:109,18
DA:110,18
DA:111,18
DA:112,18
DA:113,18
DA:114,18
DA:116,18
DA:118,1
DA:119,0
DA:122,1
DA:123,1
DA:124,0
DA:127,1
DA:129,1
DA:130,0
DA:131,0
DA:134,1
DA:135,0
DA:136,0
DA:139,1
DA:140,1
DA:141,1
DA:142,1
DA:151,1
DA:153,0
DA:154,0
DA:155,0
DA:160,1
DA:161,1
DA:164,1
DA:165,0
DA:168,1
DA:173,18
DA:174,4
DA:177,18
DA:178,1
DA:179,1
DA:184,18
DA:185,1
DA:186,1
DA:189,18
DA:190,0
DA:191,0
DA:192,0
DA:195,18
DA:196,0
DA:197,0
DA:198,0
DA:202,18
DA:203,0
DA:204,0
DA:207,18
DA:208,1
DA:209,1
DA:210,1
DA:211,1
DA:213,1
DA:217,18
DA:218,0
DA:219,0
DA:222,18
DA:223,0
DA:224,0
DA:225,0
DA:237,18
DA:238,0
DA:239,0
DA:240,0
DA:243,0
DA:244,0
DA:245,0
DA:252,18
DA:254,1
DA:255,1
DA:256,0
DA:259,1
DA:260,1
DA:261,0
DA:262,0
DA:265,1
DA:266,1
DA:267,1
DA:271,1
DA:272,1
DA:278,1
DA:279,1
DA:280,1
DA:281,1
DA:295,18
DA:297,1
DA:298,1
DA:299,0
DA:300,0
DA:303,1
DA:304,0
DA:305,0
DA:308,1
DA:309,1
DA:310,0
DA:311,0
DA:314,1
DA:315,1
DA:316,0
DA:317,0
DA:320,1
DA:321,1
DA:332,1
DA:333,1
DA:334,1
DA:335,1
DA:338,0
DA:339,0
DA:345,18
DA:346,18
DA:348,4
DA:349,2
DA:354,18
DA:377,13
DA:412,0
DA:413,0
DA:414,0
DA:455,3
DA:479,0
DA:486,1
DA:517,0
DA:559,4
DA:564,2
DA:573,1
DA:583,0
LF:156
LH:106
BRDA:52,0,0,1
BRDA:52,0,1,0
BRDA:69,1,0,0
BRDA:69,1,1,2
BRDA:77,2,0,1
BRDA:77,2,1,0
BRDA:80,3,0,1
BRDA:80,3,1,0
BRDA:80,4,0,1
BRDA:80,4,1,0
BRDA:82,5,0,1
BRDA:82,5,1,0
BRDA:85,6,0,1
BRDA:85,6,1,0
BRDA:97,7,0,1
BRDA:97,7,1,0
BRDA:99,8,0,1
BRDA:99,8,1,0
BRDA:118,9,0,0
BRDA:118,9,1,1
BRDA:118,10,0,1
BRDA:118,10,1,1
BRDA:123,11,0,0
BRDA:123,11,1,1
BRDA:129,12,0,0
BRDA:129,12,1,1
BRDA:134,13,0,0
BRDA:134,13,1,1
BRDA:164,14,0,0
BRDA:164,14,1,1
BRDA:197,15,0,0
BRDA:197,15,1,0
BRDA:210,16,0,1
BRDA:210,16,1,0
BRDA:225,17,0,0
BRDA:225,17,1,0
BRDA:229,18,0,0
BRDA:229,18,1,0
BRDA:230,19,0,0
BRDA:230,19,1,0
BRDA:239,20,0,0
BRDA:239,20,1,0
BRDA:245,21,0,0
BRDA:245,21,1,0
BRDA:245,22,0,0
BRDA:245,22,1,0
BRDA:255,23,0,0
BRDA:255,23,1,1
BRDA:259,24,0,1
BRDA:259,24,1,0
BRDA:260,25,0,0
BRDA:260,25,1,1
BRDA:267,26,0,1
BRDA:267,26,1,0
BRDA:281,27,0,1
BRDA:281,27,1,0
BRDA:298,28,0,0
BRDA:298,28,1,1
BRDA:298,29,0,1
BRDA:298,29,1,1
BRDA:298,29,2,1
BRDA:303,30,0,0
BRDA:303,30,1,1
BRDA:309,31,0,0
BRDA:309,31,1,1
BRDA:315,32,0,0
BRDA:315,32,1,1
BRDA:334,33,0,1
BRDA:334,33,1,0
BRDA:349,34,0,2
BRDA:349,34,1,1
BRDA:389,35,0,18
BRDA:389,35,1,0
BRDA:398,36,0,18
BRDA:398,36,1,16
BRDA:404,37,0,0
BRDA:404,37,1,18
BRDA:412,38,0,0
BRDA:412,38,1,0
BRDA:412,39,0,0
BRDA:412,39,1,0
BRDA:440,40,0,3
BRDA:440,40,1,15
BRDA:445,41,0,3
BRDA:445,41,1,0
BRDA:488,42,0,3
BRDA:488,42,1,3
BRDA:488,42,2,0
BRDA:492,43,0,0
BRDA:492,43,1,3
BRDA:501,44,0,2
BRDA:501,44,1,1
BRDA:524,45,0,2
BRDA:524,45,1,1
BRDA:524,46,0,3
BRDA:524,46,1,2
BRDA:538,47,0,2
BRDA:538,47,1,1
BRF:98
BRH:50
end_of_record
TN:
SF:src/components/Header.tsx
FN:15,Header
FN:25,(anonymous_1)
FN:29,(anonymous_2)
FNF:3
FNH:3
FNDA:2,Header
FNDA:1,(anonymous_1)
FNDA:2,(anonymous_2)
DA:16,2
DA:18,2
DA:25,2
DA:26,1
DA:29,2
DA:30,2
DA:31,2
DA:32,1
DA:33,1
DA:35,1
DA:38,2
LF:11
LH:11
BRDA:31,0,0,1
BRDA:31,0,1,1
BRF:2
BRH:2
end_of_record
TN:
SF:src/components/HeroActions.tsx
FN:12,HeroActions
FN:33,(anonymous_1)
FN:43,(anonymous_2)
FNF:3
FNH:0
FNDA:0,HeroActions
FNDA:0,(anonymous_1)
FNDA:0,(anonymous_2)
DA:13,0
DA:14,0
DA:16,0
DA:33,0
DA:43,0
LF:5
LH:0
BRDA:57,0,0,0
BRDA:57,0,1,0
BRF:2
BRH:0
end_of_record
TN:
SF:src/components/JoinGroupDialog.tsx
FN:20,JoinGroupDialog
FN:23,(anonymous_1)
FN:46,(anonymous_2)
FN:57,(anonymous_3)
FNF:4
FNH:0
FNDA:0,JoinGroupDialog
FNDA:0,(anonymous_1)
FNDA:0,(anonymous_2)
FNDA:0,(anonymous_3)
DA:21,0
DA:23,0
DA:24,0
DA:25,0
DA:26,0
DA:29,0
DA:47,0
DA:57,0
LF:8
LH:0
BRF:0
BRH:0
end_of_record
TN:
SF:src/components/StoryArchive.tsx
FN:12,(anonymous_0)
FN:27,StoryArchive
FN:53,(anonymous_2)
FN:81,(anonymous_3)
FNF:4
FNH:0
FNDA:0,(anonymous_0)
FNDA:0,StoryArchive
FNDA:0,(anonymous_2)
FNDA:0,(anonymous_3)
DA:12,0
DA:13,0
DA:14,0
DA:17,0
DA:18,0
DA:23,0
DA:28,0
DA:30,0
DA:54,0
DA:81,0
LF:10
LH:0
BRDA:13,0,0,0
BRDA:13,0,1,0
BRDA:47,1,0,0
BRDA:47,1,1,0
BRDA:51,2,0,0
BRDA:51,2,1,0
BRDA:56,3,0,0
BRDA:56,3,1,0
BRDA:59,4,0,0
BRDA:59,4,1,0
BRDA:65,5,0,0
BRDA:65,5,1,0
BRDA:67,6,0,0
BRDA:67,6,1,0
BRF:14
BRH:0
end_of_record
TN:
SF:src/components/StoryEditorDialog.tsx
FN:24,StoryEditorDialog
FN:39,(anonymous_1)
FN:58,(anonymous_2)
FN:61,(anonymous_3)
FN:102,(anonymous_4)
FN:110,(anonymous_5)
FN:119,(anonymous_6)
FN:127,(anonymous_7)
FN:136,(anonymous_8)
FN:144,(anonymous_9)
FN:153,(anonymous_10)
FN:165,(anonymous_11)
FNF:12
FNH:0
FNDA:0,StoryEditorDialog
FNDA:0,(anonymous_1)
FNDA:0,(anonymous_2)
FNDA:0,(anonymous_3)
FNDA:0,(anonymous_4)
FNDA:0,(anonymous_5)
FNDA:0,(anonymous_6)
FNDA:0,(anonymous_7)
FNDA:0,(anonymous_8)
FNDA:0,(anonymous_9)
FNDA:0,(anonymous_10)
FNDA:0,(anonymous_11)
DA:30,0
DA:31,0
DA:32,0
DA:33,0
DA:34,0
DA:35,0
DA:36,0
DA:37,0
DA:39,0
DA:40,0
DA:41,0
DA:44,0
DA:45,0
DA:46,0
DA:47,0
DA:48,0
DA:49,0
DA:50,0
DA:51,0
DA:54,0
DA:55,0
DA:58,0
DA:59,0
DA:61,0
DA:64,0
DA:78,0
DA:81,0
DA:102,0
DA:110,0
DA:119,0
DA:127,0
DA:136,0
DA:144,0
DA:153,0
DA:165,0
LF:35
LH:0
BRDA:40,0,0,0
BRDA:40,0,1,0
BRDA:51,1,0,0
BRDA:51,1,1,0
BRDA:54,2,0,0
BRDA:54,2,1,0
BRDA:71,3,0,0
BRDA:71,3,1,0
BRDA:72,4,0,0
BRDA:72,4,1,0
BRDA:75,5,0,0
BRDA:75,5,1,0
BRDA:75,5,2,0
BRDA:76,6,0,0
BRDA:76,6,1,0
BRDA:76,6,2,0
BRDA:89,7,0,0
BRDA:89,7,1,0
BRDA:159,8,0,0
BRDA:159,8,1,0
BRDA:159,8,2,0
BRF:21
BRH:0
end_of_record
TN:
SF:src/components/StoryPreviewDialog.tsx
FN:13,(anonymous_0)
FN:14,(anonymous_1)
FN:20,(anonymous_2)
FN:38,(anonymous_3)
FN:57,(anonymous_4)
FN:64,(anonymous_5)
FN:116,StoryPreviewDialog
FN:117,(anonymous_7)
FN:124,(anonymous_8)
FN:144,(anonymous_9)
FNF:10
FNH:8
FNDA:2,(anonymous_0)
FNDA:14,(anonymous_1)
FNDA:2,(anonymous_2)
FNDA:2,(anonymous_3)
FNDA:0,(anonymous_4)
FNDA:0,(anonymous_5)
FNDA:3,StoryPreviewDialog
FNDA:3,(anonymous_7)
FNDA:2,(anonymous_8)
FNDA:2,(anonymous_9)
DA:13,2
DA:14,2
DA:15,14
DA:16,14
DA:20,2
DA:21,2
DA:22,2
DA:23,2
DA:25,2
DA:35,2
DA:38,2
DA:39,2
DA:40,0
DA:43,2
DA:44,2
DA:45,2
DA:46,0
DA:49,2
DA:50,2
DA:52,2
DA:56,2
DA:58,0
DA:59,0
DA:60,0
DA:63,2
DA:65,0
DA:66,0
DA:67,0
DA:70,2
DA:71,2
DA:73,2
DA:75,2
DA:76,2
DA:77,2
DA:79,2
DA:80,2
DA:81,2
DA:82,2
DA:84,2
DA:85,2
DA:86,2
DA:87,2
DA:89,2
DA:90,2
DA:91,2
DA:92,2
DA:95,2
DA:96,2
DA:97,2
DA:99,2
DA:100,2
DA:102,2
DA:103,2
DA:104,2
DA:105,1
DA:106,1
DA:107,1
DA:108,1
DA:112,2
DA:113,2
DA:117,3
DA:118,3
DA:119,1
DA:122,2
DA:124,2
DA:125,2
DA:126,2
DA:127,2
DA:128,2
DA:131,0
DA:132,0
DA:133,0
DA:136,2
DA:137,2
DA:142,2
DA:144,2
DA:145,2
DA:149,3
LF:78
LH:67
BRDA:21,0,0,2
BRDA:21,0,1,0
BRDA:22,1,0,2
BRDA:22,1,1,0
BRDA:23,2,0,2
BRDA:23,2,1,0
BRDA:39,3,0,0
BRDA:39,3,1,2
BRDA:45,4,0,0
BRDA:45,4,1,2
BRDA:49,5,0,2
BRDA:49,5,1,0
BRDA:52,6,0,2
BRDA:52,6,1,0
BRDA:52,6,2,0
BRDA:56,7,0,2
BRDA:56,7,1,0
BRDA:63,8,0,2
BRDA:63,8,1,0
BRDA:73,9,0,2
BRDA:73,9,1,0
BRDA:89,10,0,2
BRDA:89,10,1,0
BRDA:102,11,0,2
BRDA:102,11,1,0
BRDA:104,12,0,1
BRDA:104,12,1,1
BRDA:118,13,0,1
BRDA:118,13,1,2
BRDA:118,14,0,3
BRDA:118,14,1,2
BRDA:127,15,0,2
BRDA:127,15,1,0
BRDA:127,16,0,2
BRDA:127,16,1,2
BRDA:132,17,0,0
BRDA:132,17,1,0
BRDA:133,18,0,0
BRDA:133,18,1,0
BRDA:136,19,0,2
BRDA:136,19,1,0
BRF:41
BRH:22
end_of_record
TN:
SF:src/components/TemplateCard.tsx
FN:13,TemplateCard
FN:45,(anonymous_1)
FNF:2
FNH:0
FNDA:0,TemplateCard
FNDA:0,(anonymous_1)
DA:14,0
DA:16,0
DA:45,0
LF:3
LH:0
BRDA:20,0,0,0
BRDA:20,0,1,0
BRF:2
BRH:0
end_of_record
TN:
SF:src/components/TemplateDetailsDialog.tsx
FN:20,TemplateDetailsDialog
FN:76,(anonymous_1)
FNF:2
FNH:0
FNDA:0,TemplateDetailsDialog
FNDA:0,(anonymous_1)
DA:25,0
DA:76,0
LF:2
LH:0
BRF:0
BRH:0
end_of_record
TN:
SF:src/components/TemplateGallery.tsx
FN:10,normalizeCategory
FN:14,formatCategory
FN:22,(anonymous_2)
FN:26,TemplateGallery
FN:30,(anonymous_4)
FN:32,(anonymous_5)
FN:38,(anonymous_6)
FN:44,(anonymous_7)
FN:60,(anonymous_8)
FN:68,(anonymous_9)
FN:77,(anonymous_10)
FNF:11
FNH:0
FNDA:0,normalizeCategory
FNDA:0,formatCategory
FNDA:0,(anonymous_2)
FNDA:0,TemplateGallery
FNDA:0,(anonymous_4)
FNDA:0,(anonymous_5)
FNDA:0,(anonymous_6)
FNDA:0,(anonymous_7)
FNDA:0,(anonymous_8)
FNDA:0,(anonymous_9)
FNDA:0,(anonymous_10)
DA:8,0
DA:11,0
DA:15,0
DA:16,0
DA:19,0
DA:22,0
DA:27,0
DA:28,0
DA:30,0
DA:31,0
DA:32,0
DA:33,0
DA:35,0
DA:38,0
DA:39,0
DA:40,0
DA:43,0
DA:44,0
DA:48,0
DA:61,0
DA:62,0
DA:68,0
DA:78,0
LF:23
LH:0
BRDA:15,0,0,0
BRDA:15,0,1,0
BRDA:39,1,0,0
BRDA:39,1,1,0
BRDA:65,2,0,0
BRDA:65,2,1,0
BRDA:82,3,0,0
BRDA:82,3,1,0
BRF:8
BRH:0
end_of_record
TN:
SF:src/components/TemplatesGallery.tsx
FN:15,TemplatesGallery
FN:23,(anonymous_1)
FN:26,(anonymous_2)
FN:35,(anonymous_3)
FN:57,(anonymous_4)
FN:62,(anonymous_5)
FN:63,(anonymous_6)
FN:64,(anonymous_7)
FN:68,(anonymous_8)
FN:102,(anonymous_9)
FN:109,(anonymous_10)
FN:127,(anonymous_11)
FN:134,(anonymous_12)
FNF:13
FNH:0
FNDA:0,TemplatesGallery
FNDA:0,(anonymous_1)
FNDA:0,(anonymous_2)
FNDA:0,(anonymous_3)
FNDA:0,(anonymous_4)
FNDA:0,(anonymous_5)
FNDA:0,(anonymous_6)
FNDA:0,(anonymous_7)
FNDA:0,(anonymous_8)
FNDA:0,(anonymous_9)
FNDA:0,(anonymous_10)
FNDA:0,(anonymous_11)
FNDA:0,(anonymous_12)
DA:20,0
DA:21,0
DA:23,0
DA:24,0
DA:26,0
DA:27,0
DA:28,0
DA:29,0
DA:31,0
DA:32,0
DA:35,0
DA:45,0
DA:46,0
DA:48,0
DA:49,0
DA:50,0
DA:55,0
DA:57,0
DA:58,0
DA:62,0
DA:63,0
DA:64,0
DA:65,0
DA:68,0
DA:69,0
DA:70,0
DA:73,0
DA:74,0
DA:78,0
DA:103,0
DA:109,0
DA:128,0
DA:134,0
LF:33
LH:0
BRDA:18,0,0,0
BRDA:31,1,0,0
BRDA:31,1,1,0
BRDA:48,2,0,0
BRDA:48,2,1,0
BRDA:69,3,0,0
BRDA:69,3,1,0
BRDA:73,4,0,0
BRDA:73,4,1,0
BRDA:73,5,0,0
BRDA:73,5,1,0
BRDA:90,6,0,0
BRDA:90,6,1,0
BRDA:92,7,0,0
BRDA:92,7,1,0
BRDA:98,8,0,0
BRDA:98,8,1,0
BRDA:123,9,0,0
BRDA:123,9,1,0
BRF:19
BRH:0
end_of_record
TN:
SF:src/components/ui/badge.tsx
FN:18,(anonymous_0)
FNF:1
FNH:1
FNDA:4,(anonymous_0)
DA:11,1
DA:17,1
DA:19,4
DA:27,1
LF:4
LH:4
BRDA:18,0,0,0
BRF:1
BRH:0
end_of_record
TN:
SF:src/components/ui/button.tsx
FN:28,(anonymous_0)
FNF:1
FNH:1
FNDA:33,(anonymous_0)
DA:13,2
DA:15,2
DA:21,2
DA:27,2
DA:29,33
DA:42,2
LF:6
LH:6
BRDA:28,0,0,5
BRDA:28,1,0,27
BRF:2
BRH:2
end_of_record
TN:
SF:src/components/ui/card.tsx
FN:8,(anonymous_0)
FN:22,(anonymous_1)
FN:35,(anonymous_2)
FN:44,(anonymous_3)
FNF:4
FNH:0
FNDA:0,(anonymous_0)
FNDA:0,(anonymous_1)
FNDA:0,(anonymous_2)
FNDA:0,(anonymous_3)
DA:7,0
DA:9,0
DA:17,0
DA:19,0
DA:23,0
DA:30,0
DA:32,0
DA:36,0
DA:39,0
DA:41,0
DA:45,0
DA:52,0
LF:12
LH:0
BRF:0
BRH:0
end_of_record
TN:
SF:src/components/ui/dialog.tsx
FN:11,Dialog
FN:14,(anonymous_1)
FN:39,(anonymous_2)
FN:59,DialogHeader
FN:72,DialogFooter
FN:86,(anonymous_5)
FN:104,(anonymous_6)
FNF:7
FNH:7
FNDA:5,Dialog
FNDA:5,(anonymous_1)
FNDA:5,(anonymous_2)
FNDA:3,DialogHeader
FNDA:3,DialogFooter
FNDA:3,(anonymous_5)
FNDA:3,(anonymous_6)
DA:12,5
DA:14,5
DA:15,5
DA:16,2
DA:20,3
DA:21,1
DA:22,1
DA:26,5
DA:36,1
DA:40,5
DA:52,1
DA:60,3
DA:73,3
DA:83,1
DA:87,3
DA:96,1
DA:101,1
DA:105,3
DA:114,1
LF:19
LH:19
BRDA:15,0,0,2
BRDA:15,0,1,3
BRDA:17,1,0,2
BRDA:17,1,1,0
BRDA:20,2,0,1
BRDA:20,2,1,2
BRF:6
BRH:5
end_of_record
TN:
SF:src/components/ui/dropdown-menu.tsx
FN:9,DropdownMenu
FN:23,(anonymous_1)
FN:48,(anonymous_2)
FN:87,(anonymous_3)
FN:106,(anonymous_4)
FNF:5
FNH:0
FNDA:0,DropdownMenu
FNDA:0,(anonymous_1)
FNDA:0,(anonymous_2)
FNDA:0,(anonymous_3)
FNDA:0,(anonymous_4)
DA:10,0
DA:22,0
DA:24,0
DA:37,0
DA:44,0
DA:59,0
DA:63,0
DA:79,0
DA:86,0
DA:88,0
DA:96,0
DA:103,0
DA:107,0
DA:114,0
LF:14
LH:0
BRDA:27,0,0,0
BRDA:27,0,1,0
BRDA:51,1,0,0
BRDA:52,2,0,0
BRDA:59,3,0,0
BRDA:59,3,1,0
BRF:6
BRH:0
end_of_record
TN:
SF:src/components/ui/input.tsx
FN:8,(anonymous_0)
FNF:1
FNH:0
FNDA:0,(anonymous_0)
DA:7,0
DA:9,0
DA:18,0
LF:3
LH:0
BRDA:8,0,0,0
BRF:1
BRH:0
end_of_record
TN:
SF:src/components/ui/label.tsx
FN:8,(anonymous_0)
FNF:1
FNH:0
FNDA:0,(anonymous_0)
DA:7,0
DA:9,0
DA:17,0
LF:3
LH:0
BRF:0
BRH:0
end_of_record
TN:
SF:src/hooks/useStoryLibrary.ts
FN:9,persistStory
FN:49,loadStories
FN:59,(anonymous_2)
FNF:3
FNH:1
FNDA:1,persistStory
FNDA:0,loadStories
FNDA:0,(anonymous_2)
DA:15,1
DA:16,1
DA:18,1
DA:19,1
DA:23,1
DA:25,1
DA:33,1
DA:35,1
DA:50,0
DA:55,0
DA:57,0
DA:59,0
DA:60,0
DA:61,0
DA:62,0
LF:15
LH:8
BRDA:16,0,0,0
BRDA:16,0,1,1
BRDA:23,1,0,0
BRDA:23,1,1,1
BRDA:28,2,0,1
BRDA:28,2,1,0
BRDA:33,3,0,0
BRDA:33,3,1,1
BRDA:55,4,0,0
BRDA:55,4,1,0
BRDA:57,5,0,0
BRDA:57,5,1,0
BRDA:60,6,0,0
BRDA:60,6,1,0
BRDA:62,7,0,0
BRDA:62,7,1,0
BRF:16
BRH:4
end_of_record
TN:
SF:src/lib/createGroupFallback.ts
FN:5,createGroupViaSupabase
FNF:1
FNH:0
FNDA:0,createGroupViaSupabase
DA:6,0
DA:7,0
DA:8,0
DA:9,0
DA:11,0
DA:16,0
DA:17,0
DA:18,0
DA:20,0
DA:23,0
DA:25,0
LF:11
LH:0
BRDA:7,0,0,0
BRDA:7,0,1,0
BRDA:9,1,0,0
BRDA:9,1,1,0
BRDA:13,2,0,0
BRDA:13,2,1,0
BRDA:16,3,0,0
BRDA:16,3,1,0
BRDA:18,4,0,0
BRDA:18,4,1,0
BRDA:23,5,0,0
BRDA:23,5,1,0
BRF:12
BRH:0
end_of_record
TN:
SF:src/lib/photos.ts
FN:8,uploadPhotoToStorage
FNF:1
FNH:0
FNDA:0,uploadPhotoToStorage
DA:12,0
DA:13,0
DA:16,0
DA:17,0
DA:20,0
DA:21,0
DA:23,0
DA:30,0
DA:31,0
DA:34,0
DA:35,0
LF:11
LH:0
BRDA:12,0,0,0
BRDA:12,0,1,0
BRDA:16,1,0,0
BRDA:16,1,1,0
BRDA:20,2,0,0
BRDA:20,2,1,0
BRDA:30,3,0,0
BRDA:30,3,1,0
BRF:8
BRH:0
end_of_record
TN:
SF:src/lib/supabaseClient.ts
FN:3,(anonymous_0)
FN:36,(anonymous_1)
FN:39,(anonymous_2)
FN:42,(anonymous_3)
FN:46,(anonymous_4)
FN:47,(anonymous_5)
FN:48,(anonymous_6)
FN:49,(anonymous_7)
FN:50,(anonymous_8)
FN:51,(anonymous_9)
FN:52,(anonymous_10)
FN:53,(anonymous_11)
FN:54,(anonymous_12)
FN:55,(anonymous_13)
FN:56,(anonymous_14)
FN:65,(anonymous_15)
FN:69,(anonymous_16)
FN:70,(anonymous_17)
FN:71,(anonymous_18)
FN:72,(anonymous_19)
FN:73,(anonymous_20)
FN:74,(anonymous_21)
FN:75,(anonymous_22)
FN:76,(anonymous_23)
FN:77,(anonymous_24)
FN:78,(anonymous_25)
FN:87,(anonymous_26)
FN:88,(anonymous_27)
FN:89,(anonymous_28)
FN:90,(anonymous_29)
FN:91,(anonymous_30)
FN:92,(anonymous_31)
FN:95,(anonymous_32)
FN:96,(anonymous_33)
FN:97,(anonymous_34)
FN:98,(anonymous_35)
FN:99,(anonymous_36)
FN:109,(anonymous_37)
FN:111,(anonymous_38)
FN:112,(anonymous_39)
FN:113,(anonymous_40)
FN:114,(anonymous_41)
FN:115,(anonymous_42)
FN:116,(anonymous_43)
FN:123,(anonymous_44)
FN:126,(anonymous_45)
FN:127,(anonymous_46)
FN:127,(anonymous_47)
FN:128,(anonymous_48)
FN:129,(anonymous_49)
FNF:50
FNH:0
FNDA:0,(anonymous_0)
FNDA:0,(anonymous_1)
FNDA:0,(anonymous_2)
FNDA:0,(anonymous_3)
FNDA:0,(anonymous_4)
FNDA:0,(anonymous_5)
FNDA:0,(anonymous_6)
FNDA:0,(anonymous_7)
FNDA:0,(anonymous_8)
FNDA:0,(anonymous_9)
FNDA:0,(anonymous_10)
FNDA:0,(anonymous_11)
FNDA:0,(anonymous_12)
FNDA:0,(anonymous_13)
FNDA:0,(anonymous_14)
FNDA:0,(anonymous_15)
FNDA:0,(anonymous_16)
FNDA:0,(anonymous_17)
FNDA:0,(anonymous_18)
FNDA:0,(anonymous_19)
FNDA:0,(anonymous_20)
FNDA:0,(anonymous_21)
FNDA:0,(anonymous_22)
FNDA:0,(anonymous_23)
FNDA:0,(anonymous_24)
FNDA:0,(anonymous_25)
FNDA:0,(anonymous_26)
FNDA:0,(anonymous_27)
FNDA:0,(anonymous_28)
FNDA:0,(anonymous_29)
FNDA:0,(anonymous_30)
FNDA:0,(anonymous_31)
FNDA:0,(anonymous_32)
FNDA:0,(anonymous_33)
FNDA:0,(anonymous_34)
FNDA:0,(anonymous_35)
FNDA:0,(anonymous_36)
FNDA:0,(anonymous_37)
FNDA:0,(anonymous_38)
FNDA:0,(anonymous_39)
FNDA:0,(anonymous_40)
FNDA:0,(anonymous_41)
FNDA:0,(anonymous_42)
FNDA:0,(anonymous_43)
FNDA:0,(anonymous_44)
FNDA:0,(anonymous_45)
FNDA:0,(anonymous_46)
FNDA:0,(anonymous_47)
FNDA:0,(anonymous_48)
FNDA:0,(anonymous_49)
DA:3,0
DA:5,0
DA:9,0
DA:12,0
DA:13,0
DA:14,0
DA:19,0
DA:26,0
DA:32,0
DA:36,0
DA:37,0
DA:39,0
DA:40,0
DA:42,0
DA:43,0
DA:45,0
DA:46,0
DA:47,0
DA:48,0
DA:49,0
DA:50,0
DA:51,0
DA:52,0
DA:53,0
DA:54,0
DA:55,0
DA:56,0
DA:62,0
DA:65,0
DA:66,0
DA:68,0
DA:69,0
DA:70,0
DA:71,0
DA:72,0
DA:73,0
DA:74,0
DA:75,0
DA:76,0
DA:77,0
DA:78,0
DA:84,0
DA:87,0
DA:88,0
DA:89,0
DA:90,0
DA:91,0
DA:92,0
DA:95,0
DA:96,0
DA:97,0
DA:98,0
DA:99,0
DA:109,0
DA:110,0
DA:111,0
DA:112,0
DA:113,0
DA:114,0
DA:115,0
DA:116,0
DA:123,0
DA:126,0
DA:127,0
DA:128,0
DA:129,0
DA:133,0
DA:135,0
DA:136,0
DA:137,0
DA:142,0
DA:144,0
DA:145,0
LF:73
LH:0
BRDA:5,0,0,0
BRDA:5,0,1,0
BRDA:5,0,2,0
BRDA:5,0,3,0
BRDA:9,1,0,0
BRDA:9,1,1,0
BRDA:9,1,2,0
BRDA:9,1,3,0
BRDA:12,2,0,0
BRDA:12,2,1,0
BRDA:12,3,0,0
BRDA:12,3,1,0
BRDA:12,3,2,0
BRDA:12,3,3,0
BRDA:15,4,0,0
BRDA:15,4,1,0
BRDA:15,4,2,0
BRDA:15,4,3,0
BRDA:20,5,0,0
BRDA:20,5,1,0
BRDA:20,5,2,0
BRDA:20,5,3,0
BRDA:135,6,0,0
BRDA:135,6,1,0
BRDA:135,7,0,0
BRDA:135,7,1,0
BRDA:136,8,0,0
BRDA:136,8,1,0
BRDA:142,9,0,0
BRDA:142,9,1,0
BRDA:142,10,0,0
BRDA:142,10,1,0
BRDA:144,11,0,0
BRDA:144,11,1,0
BRDA:144,12,0,0
BRDA:144,12,1,0
BRDA:144,12,2,0
BRF:37
BRH:0
end_of_record
TN:
SF:src/lib/templates.ts
FN:12,fetchAllTemplates
FN:30,getTemplateById
FNF:2
FNH:0
FNDA:0,fetchAllTemplates
FNDA:0,getTemplateById
DA:13,0
DA:18,0
DA:20,0
DA:25,0
DA:27,0
DA:31,0
DA:36,0
DA:37,0
LF:8
LH:0
BRDA:18,0,0,0
BRDA:18,0,1,0
BRDA:25,1,0,0
BRDA:25,1,1,0
BRDA:27,2,0,0
BRDA:27,2,1,0
BRDA:27,3,0,0
BRDA:27,3,1,0
BRDA:36,4,0,0
BRDA:36,4,1,0
BRF:10
BRH:0
end_of_record
TN:
SF:src/test/setupBrowserMocks.ts
FN:7,mockBrowserFilePipeline
FN:17,(anonymous_1)
FN:24,(anonymous_2)
FN:25,(anonymous_3)
FN:34,(anonymous_4)
FN:38,(anonymous_5)
FN:46,useFakeTimers
FN:50,runAllTimersAndMicrotasks
FN:56,useRealTimers
FNF:9
FNH:3
FNDA:7,mockBrowserFilePipeline
FNDA:0,(anonymous_1)
FNDA:1,(anonymous_2)
FNDA:1,(anonymous_3)
FNDA:0,(anonymous_4)
FNDA:0,(anonymous_5)
FNDA:0,useFakeTimers
FNDA:0,runAllTimersAndMicrotasks
FNDA:0,useRealTimers
DA:5,7
DA:8,7
DA:9,0
DA:12,7
DA:17,7
DA:18,7
DA:21,1
DA:22,1
DA:25,1
DA:26,1
DA:27,1
DA:43,7
DA:47,0
DA:51,0
DA:53,0
DA:57,0
LF:16
LH:11
BRDA:8,0,0,0
BRDA:8,0,1,7
BRDA:26,1,0,1
BRDA:26,1,1,0
BRF:4
BRH:2
end_of_record
TN:
SF:src/types/story.ts
FNF:0
FNH:0
LF:0
LH:0
BRF:0
BRH:0
end_of_record
TN:
SF:src/types/template.ts
FNF:0
FNH:0
LF:0
LH:0
BRF:0
BRH:0
end_of_record
TN:
SF:src/utils/cn.ts
FN:3,cn
FN:6,(anonymous_1)
FNF:2
FNH:2
FNDA:54,cn
FNDA:178,(anonymous_1)
DA:4,54
DA:6,54
DA:7,178
DA:8,76
DA:11,102
DA:12,0
DA:13,0
DA:16,102
DA:19,54
LF:9
LH:7
BRDA:7,0,0,76
BRDA:7,0,1,102
BRDA:11,1,0,0
BRDA:11,1,1,102
BRF:4
BRH:3
end_of_record
TN:
SF:src/utils/sanitizeHtml.ts
FN:34,(anonymous_0)
FN:42,(anonymous_1)
FNF:2
FNH:2
FNDA:11,(anonymous_0)
FNDA:4,(anonymous_1)
DA:3,3
DA:32,3
DA:34,3
DA:35,11
DA:42,3
DA:46,4
DA:47,0
DA:50,4
DA:51,4
DA:52,0
DA:55,4
DA:62,0
DA:66,3
LF:13
LH:10
BRDA:44,0,0,4
BRDA:46,1,0,0
BRDA:46,1,1,4
BRDA:51,2,0,0
BRDA:51,2,1,4
BRF:5
BRH:3
end_of_record
TN:
SF:src/utils/storyGenerator.ts
FN:257,(anonymous_0)
FN:263,(anonymous_1)
FN:268,(anonymous_2)
FN:271,(anonymous_3)
FN:280,(anonymous_4)
FN:283,(anonymous_5)
FN:287,(anonymous_6)
FN:290,(anonymous_7)
FN:300,(anonymous_8)
FN:303,(anonymous_9)
FN:310,(anonymous_10)
FNF:11
FNH:10
FNDA:6,(anonymous_0)
FNDA:6,(anonymous_1)
FNDA:19,(anonymous_2)
FNDA:3,(anonymous_3)
FNDA:3,(anonymous_4)
FNDA:3,(anonymous_5)
FNDA:0,(anonymous_6)
FNDA:3,(anonymous_7)
FNDA:27,(anonymous_8)
FNDA:3,(anonymous_9)
FNDA:3,(anonymous_10)
DA:31,1
DA:235,1
DA:250,1
DA:257,1
DA:258,6
DA:263,1
DA:264,6
DA:268,19
DA:271,1
DA:272,3
DA:273,0
DA:275,3
DA:276,3
DA:277,3
DA:280,1
DA:281,3
DA:282,3
DA:283,3
DA:284,3
DA:287,0
DA:290,1
DA:291,3
DA:292,3
DA:293,3
DA:294,165
DA:295,165
DA:297,3
DA:300,1
DA:301,27
DA:303,1
DA:304,3
DA:305,3
DA:306,3
DA:307,3
DA:310,1
DA:313,3
DA:315,3
DA:316,3
DA:317,3
DA:318,3
DA:319,3
DA:326,3
DA:330,3
DA:331,3
DA:332,3
DA:333,3
DA:334,3
DA:335,3
DA:336,3
DA:337,3
DA:338,3
DA:340,3
DA:341,3
DA:343,3
DA:348,3
DA:353,3
LF:56
LH:54
BRDA:258,0,0,6
BRDA:258,0,1,0
BRDA:272,1,0,0
BRDA:272,1,1,3
BRDA:283,2,0,3
BRDA:283,2,1,0
BRDA:313,3,0,3
BRDA:313,3,1,0
BRDA:315,4,0,3
BRDA:315,4,1,0
BRDA:316,5,0,3
BRDA:316,5,1,0
BRDA:320,6,0,3
BRDA:320,6,1,0
BRDA:340,7,0,3
BRDA:340,7,1,0
BRF:16
BRH:8
end_of_record
